e:\github\academystudy\01_kgca\export\eventselect_server\vc142.pdb
e:\github\academystudy\01_kgca\export\eventselect_server\vc142.idb
e:\github\academystudy\01_kgca\export\eventselect_server\sample.obj
e:\github\academystudy\01_kgca\export\eventselect_server\kpacket.obj
e:\github\academystudy\01_kgca\export\eventselect_server\knetworkuser.obj
e:\github\academystudy\01_kgca\export\eventselect_server\knetwork.obj
e:\github\academystudy\01_kgca\export\eventselect_server\eventselectserver.ilk
e:\github\academystudy\01_kgca\export\eventselect_server\eventselectserver.exe
e:\github\academystudy\01_kgca\export\eventselect_server\eventselectserver.pdb
e:\choijiwon\academystudy\01_kgca\export\eventselect_server\knetwork.obj
e:\choijiwon\academystudy\01_kgca\export\eventselect_server\knetworkuser.obj
e:\choijiwon\academystudy\01_kgca\export\eventselect_server\kpacket.obj
e:\choijiwon\academystudy\01_kgca\export\eventselect_server\sample.obj
e:\choijiwon\academystudy\01_kgca\export\eventselect_server\eventselectserver.ilk
e:\choijiwon\academystudy\01_kgca\export\eventselect_server\vc142.idb
e:\choijiwon\academystudy\01_kgca\export\eventselect_server\eventselectserver.pdb
e:\choijiwon\academystudy\01_kgca\export\eventselect_server\vc142.pdb
e:\choijiwon\academystudy\01_kgca\export\eventselect_server\../../export/eventselect_server/eventselectserver.pdb
e:\choijiwon\academystudy\01_kgca\export\eventselect_server\../../export/eventselect_server/eventselectserver.ilk
e:\choijiwon\academystudy\01_kgca\export\eventselect_server\eventsel.53dc8e9a.tlog\cl.command.1.tlog
e:\choijiwon\academystudy\01_kgca\export\eventselect_server\eventsel.53dc8e9a.tlog\cl.read.1.tlog
e:\choijiwon\academystudy\01_kgca\export\eventselect_server\eventsel.53dc8e9a.tlog\cl.write.1.tlog
e:\choijiwon\academystudy\01_kgca\export\eventselect_server\eventsel.53dc8e9a.tlog\link.command.1.tlog
e:\choijiwon\academystudy\01_kgca\export\eventselect_server\eventsel.53dc8e9a.tlog\link.read.1.tlog
e:\choijiwon\academystudy\01_kgca\export\eventselect_server\eventsel.53dc8e9a.tlog\link.write.1.tlog
