C:\Program Files (x86)\Microsoft Visual Studio\2019\Professional\MSBuild\Microsoft\VC\v160\Microsoft.CppBuild.targets(498,5): warning MSB8004: Intermediate 디렉터리가 슬래시로 끝나지 않습니다. Intermediate 디렉터리의 적절한 평가를 허용하는 데 필요하므로 이 빌드 인스턴스에서 슬래시를 추가합니다.
  TCore.cpp
  TDevice.cpp
E:\Choijiwon\AcademyStudy\Study\coding\Mine\Magic\EngineCore\TDevice.cpp(5,10): warning C4101: 'hr' :참조되지 않은 지역 변수입니다.
E:\Choijiwon\AcademyStudy\Study\coding\Mine\Magic\EngineCore\TDevice.cpp(95,1): warning C4002: 함수 같은 매크로 호출 'FAILED'에 대해 인수가 너무 많습니다.
E:\Choijiwon\AcademyStudy\Study\coding\Mine\Magic\EngineCore\TDevice.cpp(121,36): warning C4244: '=': 'UINT'에서 'FLOAT'(으)로 변환하면서 데이터가 손실될 수 있습니다.
E:\Choijiwon\AcademyStudy\Study\coding\Mine\Magic\EngineCore\TDevice.cpp(122,37): warning C4244: '=': 'UINT'에서 'FLOAT'(으)로 변환하면서 데이터가 손실될 수 있습니다.
  TInput.cpp
  TTimer.cpp
  TWindow.cpp
  TWrite.cpp
E:\Choijiwon\AcademyStudy\Study\coding\Mine\Magic\EngineCore\TWrite.cpp(11,18): warning C4244: '=': 'UINT'에서 'FLOAT'(으)로 변환하면서 데이터가 손실될 수 있습니다.
E:\Choijiwon\AcademyStudy\Study\coding\Mine\Magic\EngineCore\TWrite.cpp(12,18): warning C4244: '=': 'UINT'에서 'FLOAT'(으)로 변환하면서 데이터가 손실될 수 있습니다.
E:\Choijiwon\AcademyStudy\Study\coding\Mine\Magic\EngineCore\TWrite.cpp(95,69): warning C4244: '인수': 'LONG'에서 'FLOAT'(으)로 변환하면서 데이터가 손실될 수 있습니다.
E:\Choijiwon\AcademyStudy\Study\coding\Mine\Magic\EngineCore\TWrite.cpp(95,59): warning C4244: '인수': 'LONG'에서 'FLOAT'(으)로 변환하면서 데이터가 손실될 수 있습니다.
E:\Choijiwon\AcademyStudy\Study\coding\Mine\Magic\EngineCore\TWrite.cpp(95,51): warning C4244: '인수': 'LONG'에서 'FLOAT'(으)로 변환하면서 데이터가 손실될 수 있습니다.
E:\Choijiwon\AcademyStudy\Study\coding\Mine\Magic\EngineCore\TWrite.cpp(95,42): warning C4244: '인수': 'LONG'에서 'FLOAT'(으)로 변환하면서 데이터가 손실될 수 있습니다.
  코드를 생성하고 있습니다...
  EngineCore.vcxproj -> E:\Choijiwon\AcademyStudy\Study\coding\Mine\Magic\output\EngineCore.lib
          1개 파일이 복사되었습니다.
  TCore.h
  TDevice.h
  TInput.h
  TSound.h
  TStd.h
  TTimer.h
  TWindow.h
  TWrite.h
          8개 파일이 복사되었습니다.
