e:\choijiwon\academystudy\01_kgca\export\sample_knetwork\obj\vc142.pdb
e:\choijiwon\academystudy\01_kgca\export\sample_knetwork\obj\vc142.idb
e:\choijiwon\academystudy\01_kgca\export\sample_knetwork\obj\sample.obj
e:\choijiwon\academystudy\01_kgca\export\sample_knetwork\obj\sample_input.res
e:\choijiwon\academystudy\01_kgca\export\sample_knetwork\obj\sample_knetwork.tlog\cl.command.1.tlog
e:\choijiwon\academystudy\01_kgca\export\sample_knetwork\obj\sample_knetwork.tlog\cl.read.1.tlog
e:\choijiwon\academystudy\01_kgca\export\sample_knetwork\obj\sample_knetwork.tlog\cl.write.1.tlog
e:\choijiwon\academystudy\01_kgca\export\sample_knetwork\obj\sample_knetwork.tlog\link-cvtres.read.1.tlog
e:\choijiwon\academystudy\01_kgca\export\sample_knetwork\obj\sample_knetwork.tlog\link-cvtres.write.1.tlog
e:\choijiwon\academystudy\01_kgca\export\sample_knetwork\obj\sample_knetwork.tlog\link-rc.read.1.tlog
e:\choijiwon\academystudy\01_kgca\export\sample_knetwork\obj\sample_knetwork.tlog\link-rc.write.1.tlog
e:\choijiwon\academystudy\01_kgca\export\sample_knetwork\obj\sample_knetwork.tlog\link.10988-cvtres.read.1.tlog
e:\choijiwon\academystudy\01_kgca\export\sample_knetwork\obj\sample_knetwork.tlog\link.10988-cvtres.write.1.tlog
e:\choijiwon\academystudy\01_kgca\export\sample_knetwork\obj\sample_knetwork.tlog\link.10988-rc.read.1.tlog
e:\choijiwon\academystudy\01_kgca\export\sample_knetwork\obj\sample_knetwork.tlog\link.10988-rc.write.1.tlog
e:\choijiwon\academystudy\01_kgca\export\sample_knetwork\obj\sample_knetwork.tlog\link.10988.read.1.tlog
e:\choijiwon\academystudy\01_kgca\export\sample_knetwork\obj\sample_knetwork.tlog\link.10988.write.1.tlog
e:\choijiwon\academystudy\01_kgca\export\sample_knetwork\obj\sample_knetwork.tlog\link.command.1.tlog
e:\choijiwon\academystudy\01_kgca\export\sample_knetwork\obj\sample_knetwork.tlog\link.read.1.tlog
e:\choijiwon\academystudy\01_kgca\export\sample_knetwork\obj\sample_knetwork.tlog\link.write.1.tlog
e:\choijiwon\academystudy\01_kgca\export\sample_knetwork\obj\sample_knetwork.tlog\rc.command.1.tlog
e:\choijiwon\academystudy\01_kgca\export\sample_knetwork\obj\sample_knetwork.tlog\rc.read.1.tlog
e:\choijiwon\academystudy\01_kgca\export\sample_knetwork\obj\sample_knetwork.tlog\rc.write.1.tlog
