e:\github\academystudy\01_kgca\export\kclient2\obj\vc142.pdb
e:\github\academystudy\01_kgca\export\kclient2\obj\vc142.idb
e:\github\academystudy\01_kgca\export\kclient2\obj\sample.obj
e:\github\academystudy\01_kgca\export\kclient2\obj\kscenemanager.obj
e:\github\academystudy\01_kgca\export\kclient2\obj\kplayer2d.obj
e:\github\academystudy\01_kgca\export\kclient2\obj\knpc2d.obj
e:\github\academystudy\01_kgca\export\kclient2\obj\kmap.obj
e:\github\academystudy\01_kgca\export\kclient2\obj\kspriteeffect.obj
e:\github\academystudy\01_kgca\export\kclient2\obj\kscene_intro.obj
e:\github\academystudy\01_kgca\export\kclient2\obj\kscene_game_1.obj
e:\github\academystudy\01_kgca\export\kclient2\obj\kscene_game_0.obj
e:\github\academystudy\01_kgca\export\kclient2\kclient2.exe
e:\github\academystudy\01_kgca\export\kclient2\obj\kclient2.ilk
e:\github\academystudy\01_kgca\export\kclient2\kclient2.pdb
e:\github\academystudy\01_kgca\export\kclient2\obj\sample_input.res
e:\github\academystudy\01_kgca\export\kclient2\obj\kclient2.tlog\cl.command.1.tlog
e:\github\academystudy\01_kgca\export\kclient2\obj\kclient2.tlog\cl.read.1.tlog
e:\github\academystudy\01_kgca\export\kclient2\obj\kclient2.tlog\cl.write.1.tlog
e:\github\academystudy\01_kgca\export\kclient2\obj\kclient2.tlog\link.command.1.tlog
e:\github\academystudy\01_kgca\export\kclient2\obj\kclient2.tlog\link.read.1.tlog
e:\github\academystudy\01_kgca\export\kclient2\obj\kclient2.tlog\link.write.1.tlog
e:\github\academystudy\01_kgca\export\kclient2\obj\kclient2.tlog\rc.command.1.tlog
e:\github\academystudy\01_kgca\export\kclient2\obj\kclient2.tlog\rc.read.1.tlog
e:\github\academystudy\01_kgca\export\kclient2\obj\kclient2.tlog\rc.write.1.tlog
