  KMapSpace.cpp
E:\github\AcademyStudy\01_KGCA\Include\KNode.h(156,26): warning C4244: '인수': 'float'에서 '_Ty'(으)로 변환하면서 데이터가 손실될 수 있습니다.
          with
          [
              _Ty=DWORD
          ]
E:\github\AcademyStudy\01_KGCA\Include\KNode.h(157,26): warning C4244: '인수': 'float'에서 '_Ty'(으)로 변환하면서 데이터가 손실될 수 있습니다.
          with
          [
              _Ty=DWORD
          ]
E:\github\AcademyStudy\01_KGCA\Include\KNode.h(158,26): warning C4244: '인수': 'float'에서 '_Ty'(으)로 변환하면서 데이터가 손실될 수 있습니다.
          with
          [
              _Ty=DWORD
          ]
E:\github\AcademyStudy\01_KGCA\Include\KNode.h(159,26): warning C4244: '인수': 'float'에서 '_Ty'(으)로 변환하면서 데이터가 손실될 수 있습니다.
          with
          [
              _Ty=DWORD
          ]
E:\github\AcademyStudy\01_KGCA\Include\ImGuiManager.h(2,10): fatal error C1083: 포함 파일을 열 수 없습니다. 'imgui.h': No such file or directory
  KNpc2D.cpp
E:\github\AcademyStudy\01_KGCA\Include\ImGuiManager.h(2,10): fatal error C1083: 포함 파일을 열 수 없습니다. 'imgui.h': No such file or directory
  KPlayer2D.cpp
