e:\github\academystudy\01_kgca\export\packet_server\vc142.pdb
e:\github\academystudy\01_kgca\export\packet_server\vc142.idb
e:\github\academystudy\01_kgca\export\packet_server\sample.obj
e:\github\academystudy\01_kgca\export\packet_server\kpacket.obj
e:\github\academystudy\01_kgca\export\packet_server\packet_server.ilk
e:\github\academystudy\01_kgca\export\packet_server\packet_server.exe
e:\github\academystudy\01_kgca\export\packet_server\packet_server.pdb
e:\choijiwon\academystudy\01_kgca\export\packet_server\kpacket.obj
e:\choijiwon\academystudy\01_kgca\export\packet_server\sample.obj
e:\choijiwon\academystudy\01_kgca\export\packet_server\packet_server.ilk
e:\choijiwon\academystudy\01_kgca\export\packet_server\vc142.idb
e:\choijiwon\academystudy\01_kgca\export\packet_server\packet_server.pdb
e:\choijiwon\academystudy\01_kgca\export\packet_server\vc142.pdb
e:\choijiwon\academystudy\01_kgca\export\packet_server\../../export/packet_server/packet_server.pdb
e:\choijiwon\academystudy\01_kgca\export\packet_server\../../export/packet_server/packet_server.ilk
e:\choijiwon\academystudy\01_kgca\export\packet_server\packet_server.tlog\cl.command.1.tlog
e:\choijiwon\academystudy\01_kgca\export\packet_server\packet_server.tlog\cl.read.1.tlog
e:\choijiwon\academystudy\01_kgca\export\packet_server\packet_server.tlog\cl.write.1.tlog
e:\choijiwon\academystudy\01_kgca\export\packet_server\packet_server.tlog\link.command.1.tlog
e:\choijiwon\academystudy\01_kgca\export\packet_server\packet_server.tlog\link.read.1.tlog
e:\choijiwon\academystudy\01_kgca\export\packet_server\packet_server.tlog\link.write.1.tlog
