e:\choijiwon\academystudy\00_kgca\output\samplelib_quadtree\vc142.pdb
e:\choijiwon\academystudy\00_kgca\output\samplelib_quadtree\vc142.idb
e:\choijiwon\academystudy\00_kgca\output\samplelib_quadtree\shapeobj.obj
e:\choijiwon\academystudy\00_kgca\output\samplelib_quadtree\sample.obj
e:\choijiwon\academystudy\00_kgca\output\samplelib_quadtree\kquadtree.obj
e:\choijiwon\academystudy\00_kgca\output\samplelib_quadtree\modelobj.obj
e:\choijiwon\academystudy\00_kgca\output\samplelib_quadtree\mapobj.obj
e:\choijiwon\academystudy\00_kgca\output\samplelib_quadtree\knode.obj
e:\choijiwon\academystudy\00_kgca\output\samplelib_quadtree\camera.obj
e:\choijiwon\academystudy\00_kgca\output\pixelshader.cso
e:\choijiwon\academystudy\00_kgca\output\vertexshader.cso
e:\choijiwon\academystudy\00_kgca\output\samplelib_quadtree\../../output/samplelib_quadtree.pdb
e:\choijiwon\academystudy\00_kgca\output\samplelib_quadtree\sampleli.c769d45d.tlog\cl.command.1.tlog
e:\choijiwon\academystudy\00_kgca\output\samplelib_quadtree\sampleli.c769d45d.tlog\cl.read.1.tlog
e:\choijiwon\academystudy\00_kgca\output\samplelib_quadtree\sampleli.c769d45d.tlog\cl.write.1.tlog
e:\choijiwon\academystudy\00_kgca\output\samplelib_quadtree\sampleli.c769d45d.tlog\fxc.command.1.tlog
e:\choijiwon\academystudy\00_kgca\output\samplelib_quadtree\sampleli.c769d45d.tlog\fxc.read.1.tlog
e:\choijiwon\academystudy\00_kgca\output\samplelib_quadtree\sampleli.c769d45d.tlog\fxc.write.1.tlog
e:\choijiwon\academystudy\00_kgca\output\samplelib_quadtree\sampleli.c769d45d.tlog\link-cvtres.read.1.tlog
e:\choijiwon\academystudy\00_kgca\output\samplelib_quadtree\sampleli.c769d45d.tlog\link-cvtres.write.1.tlog
e:\choijiwon\academystudy\00_kgca\output\samplelib_quadtree\sampleli.c769d45d.tlog\link-rc.read.1.tlog
e:\choijiwon\academystudy\00_kgca\output\samplelib_quadtree\sampleli.c769d45d.tlog\link-rc.write.1.tlog
e:\choijiwon\academystudy\00_kgca\output\samplelib_quadtree\sampleli.c769d45d.tlog\link.command.1.tlog
e:\choijiwon\academystudy\00_kgca\output\samplelib_quadtree\sampleli.c769d45d.tlog\link.read.1.tlog
e:\choijiwon\academystudy\00_kgca\output\samplelib_quadtree\sampleli.c769d45d.tlog\link.write.1.tlog
