  KAcceptor.cpp
  KCommandServer.cpp
  KNetwork.cpp
E:\github\AcademyStudy\01_KGCA\Source\KServerLib\KNetwork.cpp(45,50): warning C4267: '=': 'size_t'에서 'WORD'(으)로 변환하면서 데이터가 손실될 수 있습니다.
  KNetworkUser.cpp
E:\github\AcademyStudy\01_KGCA\Source\KServerLib\KNetworkUser.cpp(195,49): warning C4267: '=': 'size_t'에서 'WORD'(으)로 변환하면서 데이터가 손실될 수 있습니다.
  KPacket.cpp
E:\github\AcademyStudy\01_KGCA\Source\KServerLib\KPacket.cpp(81,32): warning C4267: '인수': 'size_t'에서 'int'(으)로 변환하면서 데이터가 손실될 수 있습니다.
E:\github\AcademyStudy\01_KGCA\Source\KServerLib\KPacket.cpp(92,39): warning C4267: '인수': 'size_t'에서 'int'(으)로 변환하면서 데이터가 손실될 수 있습니다.
E:\github\AcademyStudy\01_KGCA\Source\KServerLib\KPacket.cpp(125,35): warning C4267: '초기화 중': 'size_t'에서 'int'(으)로 변환하면서 데이터가 손실될 수 있습니다.
E:\github\AcademyStudy\01_KGCA\Source\KServerLib\KPacket.cpp(136,35): warning C4267: '초기화 중': 'size_t'에서 'int'(으)로 변환하면서 데이터가 손실될 수 있습니다.
  KServer.cpp
  KServerObj.cpp
  KThread.cpp
  코드를 생성하고 있습니다...
  KServerLib.vcxproj -> E:\github\AcademyStudy\01_KGCA\Export\KServerLib\KServerLib.lib
          1개 파일이 복사되었습니다.
  KAcceptor.h
  KCommandServer.h
  KNetStd.h
  KNetwork.h
  KNetworkUser.h
  KObjectPool.h
  KPacket.h
  KProtocol.h
  KServer.h
  KServerObj.h
  KThread.h
         11개 파일이 복사되었습니다.
C:\Program Files (x86)\Microsoft Visual Studio\2019\Community\MSBuild\Microsoft\VC\v160\Microsoft.CppCommon.targets(155,5): error MSB4181: "Exec" 작업이 false를 반환했지만 오류를 기록하지 않았습니다.
