C:\Program Files (x86)\Microsoft Visual Studio\2019\Professional\MSBuild\Microsoft\VC\v160\Microsoft.CppBuild.targets(498,5): warning MSB8004: Intermediate 디렉터리가 슬래시로 끝나지 않습니다. Intermediate 디렉터리의 적절한 평가를 허용하는 데 필요하므로 이 빌드 인스턴스에서 슬래시를 추가합니다.
  compilation object save succeeded; see E:\Choijiwon\AcademyStudy\00_KGCA\output\PixelShader.cso
  compilation object save succeeded; see E:\Choijiwon\AcademyStudy\00_KGCA\output\VertexShader.cso
  Sample.cpp
E:\Choijiwon\AcademyStudy\00_KGCA\include\KMath.h(550,9): warning C4244: '=': 'double'에서 'float'(으)로 변환하면서 데이터가 손실될 수 있습니다.
E:\Choijiwon\AcademyStudy\00_KGCA\KGCA39\VertexRender\Sample.h(9,10): error C2872: 'Vector3': 모호한 기호입니다.
E:\Choijiwon\AcademyStudy\00_KGCA\KGCA39\VertexRender\Vector.h(56,7): message : 'Vector3'일 수 있습니다.
E:\Choijiwon\AcademyStudy\00_KGCA\include\d3dtk\SimpleMath.h(218,16): message : 또는       'DirectX::SimpleMath::Vector3'
E:\Choijiwon\AcademyStudy\00_KGCA\KGCA39\VertexRender\Sample.h(10,10): error C2872: 'Vector4': 모호한 기호입니다.
E:\Choijiwon\AcademyStudy\00_KGCA\KGCA39\VertexRender\Vector.h(111,7): message : 'Vector4'일 수 있습니다.
E:\Choijiwon\AcademyStudy\00_KGCA\include\d3dtk\SimpleMath.h(338,16): message : 또는       'DirectX::SimpleMath::Vector4'
E:\Choijiwon\AcademyStudy\00_KGCA\KGCA39\VertexRender\Sample.h(11): error C2872: 'Vector3': 모호한 기호입니다.
E:\Choijiwon\AcademyStudy\00_KGCA\KGCA39\VertexRender\Vector.h(56,7): message : 'Vector3'일 수 있습니다.
E:\Choijiwon\AcademyStudy\00_KGCA\include\d3dtk\SimpleMath.h(218,16): message : 또는       'DirectX::SimpleMath::Vector3'
E:\Choijiwon\AcademyStudy\00_KGCA\KGCA39\VertexRender\Sample.h(11): error C2872: 'Vector4': 모호한 기호입니다.
E:\Choijiwon\AcademyStudy\00_KGCA\KGCA39\VertexRender\Vector.h(111,7): message : 'Vector4'일 수 있습니다.
E:\Choijiwon\AcademyStudy\00_KGCA\include\d3dtk\SimpleMath.h(338,16): message : 또는       'DirectX::SimpleMath::Vector4'
E:\Choijiwon\AcademyStudy\00_KGCA\KGCA39\VertexRender\Sample.h(11,14): error C2872: 'Vector3': 모호한 기호입니다.
E:\Choijiwon\AcademyStudy\00_KGCA\KGCA39\VertexRender\Vector.h(56,7): message : 'Vector3'일 수 있습니다.
E:\Choijiwon\AcademyStudy\00_KGCA\include\d3dtk\SimpleMath.h(218,16): message : 또는       'DirectX::SimpleMath::Vector3'
E:\Choijiwon\AcademyStudy\00_KGCA\KGCA39\VertexRender\Sample.h(11,14): error C2872: 'Vector4': 모호한 기호입니다.
E:\Choijiwon\AcademyStudy\00_KGCA\KGCA39\VertexRender\Vector.h(111,7): message : 'Vector4'일 수 있습니다.
E:\Choijiwon\AcademyStudy\00_KGCA\include\d3dtk\SimpleMath.h(338,16): message : 또는       'DirectX::SimpleMath::Vector4'
E:\Choijiwon\AcademyStudy\00_KGCA\KGCA39\VertexRender\Sample.cpp(12,70): warning C4267: '=': 'size_t'에서 'UINT'(으)로 변환하면서 데이터가 손실될 수 있습니다.
E:\Choijiwon\AcademyStudy\00_KGCA\KGCA39\VertexRender\Sample.cpp(114,24): warning C4477: 'swscanf_s' : 서식 문자열 '%s'에 'unsigned int' 형식의 인수가 필요하지만 variadic 인수 2의 형식이 'unsigned __int64'입니다.
E:\Choijiwon\AcademyStudy\00_KGCA\KGCA39\VertexRender\Sample.cpp(114,24): message : 이 인수는 버퍼 크기로 사용됩니다.
E:\Choijiwon\AcademyStudy\00_KGCA\KGCA39\VertexRender\Sample.cpp(114,24): warning C4476: 'swscanf_s' : 서식 지정자에 알 수 없는 형식 필드 문자 ' '이(가) 있습니다.
E:\Choijiwon\AcademyStudy\00_KGCA\KGCA39\VertexRender\Sample.cpp(114,57): warning C4474: 'swscanf_s' : 서식 문자열에 전달된 인수가 너무 많습니다.
E:\Choijiwon\AcademyStudy\00_KGCA\KGCA39\VertexRender\Sample.cpp(114,57): message : 자리 표시자 및 해당 매개 변수에는 variadic 인수가 2개 필요하지만 3개가 제공되었습니다.
E:\Choijiwon\AcademyStudy\00_KGCA\KGCA39\VertexRender\Sample.cpp(158,53): warning C4267: '인수': 'size_t'에서 'UINT'(으)로 변환하면서 데이터가 손실될 수 있습니다.
  Vector.cpp
E:\Choijiwon\AcademyStudy\00_KGCA\KGCA39\VertexRender\Vector.cpp(13,13): warning C4244: 'return': 'double'에서 'float'(으)로 변환하면서 데이터가 손실될 수 있습니다.
  코드를 생성하고 있습니다...
