e:\choijiwon\academystudy\01_kgca\export\ktemplatelinkedlist\vc142.pdb
e:\choijiwon\academystudy\01_kgca\export\ktemplatelinkedlist\vc142.idb
e:\choijiwon\academystudy\01_kgca\export\ktemplatelinkedlist\sample.obj
e:\choijiwon\academystudy\01_kgca\export\ktemplatelinkedlist\ktemplatelinkedlist.obj
e:\choijiwon\academystudy\01_kgca\export\ktemplatelinkedlist\knode.obj
e:\github\academystudy\01_kgca\export\ktemplatelinkedlist\vc142.pdb
e:\github\academystudy\01_kgca\export\ktemplatelinkedlist\vc142.idb
e:\github\academystudy\01_kgca\export\ktemplatelinkedlist\ktemplatelinkedlist.obj
e:\github\academystudy\01_kgca\export\ktemplatelinkedlist\knode.obj
e:\choijiwon\academystudy\01_kgca\export\ktemplatelinkedlist\ktemplatelinkedlist.exe
e:\choijiwon\academystudy\01_kgca\export\ktemplatelinkedlist\ktemplatelinkedlist.ilk
e:\choijiwon\academystudy\01_kgca\export\ktemplatelinkedlist\ktemplatelinkedlist.pdb
e:\github\academystudy\01_kgca\export\ktemplatelinkedlist\ktemplatelinkedlist.obj.enc
e:\github\academystudy\01_kgca\export\ktemplatelinkedlist\sample.obj.enc
e:\github\academystudy\01_kgca\export\ktemplatelinkedlist\ktemplatelinkedlist.ilk
e:\github\academystudy\01_kgca\export\ktemplatelinkedlist\ktemplatelinkedlist.pdb
e:\github\academystudy\01_kgca\export\ktemplatelinkedlist\../../export/ktemplatelinkedlist/ktemplatelinkedlist.pdb
e:\github\academystudy\01_kgca\export\ktemplatelinkedlist\ktemplatelinkedlist.exe
e:\github\academystudy\01_kgca\export\ktemplatelinkedlist\../../export/ktemplatelinkedlist/ktemplatelinkedlist.ilk
e:\github\academystudy\01_kgca\export\ktemplatelinkedlist\ktemplat.68aff1ea.tlog\cl.command.1.tlog
e:\github\academystudy\01_kgca\export\ktemplatelinkedlist\ktemplat.68aff1ea.tlog\cl.read.1.tlog
e:\github\academystudy\01_kgca\export\ktemplatelinkedlist\ktemplat.68aff1ea.tlog\cl.write.1.tlog
e:\github\academystudy\01_kgca\export\ktemplatelinkedlist\ktemplat.68aff1ea.tlog\link.command.1.tlog
e:\github\academystudy\01_kgca\export\ktemplatelinkedlist\ktemplat.68aff1ea.tlog\link.read.1.tlog
e:\github\academystudy\01_kgca\export\ktemplatelinkedlist\ktemplat.68aff1ea.tlog\link.write.1.tlog
