C:\Program Files (x86)\Microsoft Visual Studio\2019\Professional\MSBuild\Microsoft\VC\v160\Microsoft.CppBuild.targets(498,5): warning MSB8004: Intermediate 디렉터리가 슬래시로 끝나지 않습니다. Intermediate 디렉터리의 적절한 평가를 허용하는 데 필요하므로 이 빌드 인스턴스에서 슬래시를 추가합니다.
C:\Program Files (x86)\Microsoft Visual Studio\2019\Professional\MSBuild\Microsoft\VC\v160\Microsoft.CppBuild.targets(513,5): warning MSB8028: 중간 디렉터리(../../output/EngineCore\)에 다른 프로젝트(EngineCore.vcxproj)에서 공유하는 파일이 포함되어 있습니다.  이로 인해 잘못된 정리 및 다시 빌드 동작이 수행될 수 있습니다.
  KMath.cpp
E:\Choijiwon\AcademyStudy\00_KGCA\KGCA39\EngineCoreD\KMath.h(550,9): warning C4244: '=': 'double'에서 'float'(으)로 변환하면서 데이터가 손실될 수 있습니다.
  TCore.cpp
E:\Choijiwon\AcademyStudy\00_KGCA\KGCA39\EngineCoreD\KMath.h(550,9): warning C4244: '=': 'double'에서 'float'(으)로 변환하면서 데이터가 손실될 수 있습니다.
  TDevice.cpp
E:\Choijiwon\AcademyStudy\00_KGCA\KGCA39\EngineCoreD\KMath.h(550,9): warning C4244: '=': 'double'에서 'float'(으)로 변환하면서 데이터가 손실될 수 있습니다.
E:\Choijiwon\AcademyStudy\00_KGCA\KGCA39\EngineCoreD\TDevice.cpp(5,10): warning C4101: 'hr' :참조되지 않은 지역 변수입니다.
E:\Choijiwon\AcademyStudy\00_KGCA\KGCA39\EngineCoreD\TDevice.cpp(96,1): warning C4002: 함수 같은 매크로 호출 'FAILED'에 대해 인수가 너무 많습니다.
E:\Choijiwon\AcademyStudy\00_KGCA\KGCA39\EngineCoreD\TDevice.cpp(123,36): warning C4244: '=': 'UINT'에서 'FLOAT'(으)로 변환하면서 데이터가 손실될 수 있습니다.
E:\Choijiwon\AcademyStudy\00_KGCA\KGCA39\EngineCoreD\TDevice.cpp(124,37): warning C4244: '=': 'UINT'에서 'FLOAT'(으)로 변환하면서 데이터가 손실될 수 있습니다.
  TInput.cpp
E:\Choijiwon\AcademyStudy\00_KGCA\KGCA39\EngineCoreD\KMath.h(550,9): warning C4244: '=': 'double'에서 'float'(으)로 변환하면서 데이터가 손실될 수 있습니다.
  TSound.cpp
  TTimer.cpp
E:\Choijiwon\AcademyStudy\00_KGCA\KGCA39\EngineCoreD\KMath.h(550,9): warning C4244: '=': 'double'에서 'float'(으)로 변환하면서 데이터가 손실될 수 있습니다.
  TWindow.cpp
E:\Choijiwon\AcademyStudy\00_KGCA\KGCA39\EngineCoreD\KMath.h(550,9): warning C4244: '=': 'double'에서 'float'(으)로 변환하면서 데이터가 손실될 수 있습니다.
  TWrite.cpp
E:\Choijiwon\AcademyStudy\00_KGCA\KGCA39\EngineCoreD\KMath.h(550,9): warning C4244: '=': 'double'에서 'float'(으)로 변환하면서 데이터가 손실될 수 있습니다.
E:\Choijiwon\AcademyStudy\00_KGCA\KGCA39\EngineCoreD\TWrite.cpp(11,18): warning C4244: '=': 'UINT'에서 'FLOAT'(으)로 변환하면서 데이터가 손실될 수 있습니다.
E:\Choijiwon\AcademyStudy\00_KGCA\KGCA39\EngineCoreD\TWrite.cpp(12,18): warning C4244: '=': 'UINT'에서 'FLOAT'(으)로 변환하면서 데이터가 손실될 수 있습니다.
E:\Choijiwon\AcademyStudy\00_KGCA\KGCA39\EngineCoreD\TWrite.cpp(95,69): warning C4244: '인수': 'LONG'에서 'FLOAT'(으)로 변환하면서 데이터가 손실될 수 있습니다.
E:\Choijiwon\AcademyStudy\00_KGCA\KGCA39\EngineCoreD\TWrite.cpp(95,59): warning C4244: '인수': 'LONG'에서 'FLOAT'(으)로 변환하면서 데이터가 손실될 수 있습니다.
E:\Choijiwon\AcademyStudy\00_KGCA\KGCA39\EngineCoreD\TWrite.cpp(95,51): warning C4244: '인수': 'LONG'에서 'FLOAT'(으)로 변환하면서 데이터가 손실될 수 있습니다.
E:\Choijiwon\AcademyStudy\00_KGCA\KGCA39\EngineCoreD\TWrite.cpp(95,42): warning C4244: '인수': 'LONG'에서 'FLOAT'(으)로 변환하면서 데이터가 손실될 수 있습니다.
E:\Choijiwon\AcademyStudy\00_KGCA\KGCA39\EngineCoreD\TWrite.cpp(100,50): warning C4267: '인수': 'size_t'에서 'UINT32'(으)로 변환하면서 데이터가 손실될 수 있습니다.
E:\Choijiwon\AcademyStudy\00_KGCA\KGCA39\EngineCoreD\TWrite.cpp(105,48): warning C4267: '인수': 'size_t'에서 'UINT32'(으)로 변환하면서 데이터가 손실될 수 있습니다.
  코드를 생성하고 있습니다...
  EngineCoreD.vcxproj -> E:\Choijiwon\AcademyStudy\00_KGCA\output\EngineCoreD.lib
          1개 파일이 복사되었습니다.
  (Legacy)Matrix.h
  (Legacy)Vector.h
  KMath.h
  TCore.h
  TDevice.h
  TInput.h
  TSound.h
  TStd.h
  TTimer.h
  TWindow.h
  TWrite.h
  VertexBuffer.h
         12개 파일이 복사되었습니다.
