C:\Program Files (x86)\Microsoft Visual Studio\2019\Professional\MSBuild\Microsoft\VC\v160\Microsoft.CppBuild.targets(498,5): warning MSB8004: Intermediate 디렉터리가 슬래시로 끝나지 않습니다. Intermediate 디렉터리의 적절한 평가를 허용하는 데 필요하므로 이 빌드 인스턴스에서 슬래시를 추가합니다.
  TCore.cpp
E:\Choijiwon\AcademyStudy\00_KGCA\KGCA39\EngineCore\Matrix.h(86,9): warning C4244: '=': 'double'에서 'float'(으)로 변환하면서 데이터가 손실될 수 있습니다.
  TDevice.cpp
E:\Choijiwon\AcademyStudy\00_KGCA\KGCA39\EngineCore\TDevice.cpp(6,10): warning C4101: 'hr' :참조되지 않은 지역 변수입니다.
E:\Choijiwon\AcademyStudy\00_KGCA\KGCA39\EngineCore\TDevice.cpp(100,1): warning C4002: 함수 같은 매크로 호출 'FAILED'에 대해 인수가 너무 많습니다.
E:\Choijiwon\AcademyStudy\00_KGCA\KGCA39\EngineCore\TDevice.cpp(127,36): warning C4244: '=': 'UINT'에서 'FLOAT'(으)로 변환하면서 데이터가 손실될 수 있습니다.
E:\Choijiwon\AcademyStudy\00_KGCA\KGCA39\EngineCore\TDevice.cpp(128,37): warning C4244: '=': 'UINT'에서 'FLOAT'(으)로 변환하면서 데이터가 손실될 수 있습니다.
  TInput.cpp
  TSound.cpp
  TTimer.cpp
  TWindow.cpp
  TWrite.cpp
E:\Choijiwon\AcademyStudy\00_KGCA\KGCA39\EngineCore\TWrite.cpp(11,18): warning C4244: '=': 'UINT'에서 'FLOAT'(으)로 변환하면서 데이터가 손실될 수 있습니다.
E:\Choijiwon\AcademyStudy\00_KGCA\KGCA39\EngineCore\TWrite.cpp(12,18): warning C4244: '=': 'UINT'에서 'FLOAT'(으)로 변환하면서 데이터가 손실될 수 있습니다.
E:\Choijiwon\AcademyStudy\00_KGCA\KGCA39\EngineCore\TWrite.cpp(95,69): warning C4244: '인수': 'LONG'에서 'FLOAT'(으)로 변환하면서 데이터가 손실될 수 있습니다.
E:\Choijiwon\AcademyStudy\00_KGCA\KGCA39\EngineCore\TWrite.cpp(95,59): warning C4244: '인수': 'LONG'에서 'FLOAT'(으)로 변환하면서 데이터가 손실될 수 있습니다.
E:\Choijiwon\AcademyStudy\00_KGCA\KGCA39\EngineCore\TWrite.cpp(95,51): warning C4244: '인수': 'LONG'에서 'FLOAT'(으)로 변환하면서 데이터가 손실될 수 있습니다.
E:\Choijiwon\AcademyStudy\00_KGCA\KGCA39\EngineCore\TWrite.cpp(95,42): warning C4244: '인수': 'LONG'에서 'FLOAT'(으)로 변환하면서 데이터가 손실될 수 있습니다.
E:\Choijiwon\AcademyStudy\00_KGCA\KGCA39\EngineCore\TWrite.cpp(100,50): warning C4267: '인수': 'size_t'에서 'UINT32'(으)로 변환하면서 데이터가 손실될 수 있습니다.
E:\Choijiwon\AcademyStudy\00_KGCA\KGCA39\EngineCore\TWrite.cpp(105,48): warning C4267: '인수': 'size_t'에서 'UINT32'(으)로 변환하면서 데이터가 손실될 수 있습니다.
  Vector.cpp
  VertexBuffer.cpp
E:\Choijiwon\AcademyStudy\00_KGCA\KGCA39\EngineCore\Matrix.h(86,9): warning C4244: '=': 'double'에서 'float'(으)로 변환하면서 데이터가 손실될 수 있습니다.
E:\Choijiwon\AcademyStudy\00_KGCA\KGCA39\EngineCore\VertexBuffer.cpp(8,70): warning C4267: '=': 'size_t'에서 'UINT'(으)로 변환하면서 데이터가 손실될 수 있습니다.
E:\Choijiwon\AcademyStudy\00_KGCA\KGCA39\EngineCore\VertexBuffer.cpp(129,24): warning C4477: 'swscanf_s' : 서식 문자열 '%s'에 'unsigned int' 형식의 인수가 필요하지만 variadic 인수 2의 형식이 'unsigned __int64'입니다.
E:\Choijiwon\AcademyStudy\00_KGCA\KGCA39\EngineCore\VertexBuffer.cpp(129,24): message : 이 인수는 버퍼 크기로 사용됩니다.
E:\Choijiwon\AcademyStudy\00_KGCA\KGCA39\EngineCore\VertexBuffer.cpp(129,54): warning C4474: 'swscanf_s' : 서식 문자열에 전달된 인수가 너무 많습니다.
E:\Choijiwon\AcademyStudy\00_KGCA\KGCA39\EngineCore\VertexBuffer.cpp(129,54): message : 자리 표시자 및 해당 매개 변수에는 variadic 인수가 2개 필요하지만 3개가 제공되었습니다.
E:\Choijiwon\AcademyStudy\00_KGCA\KGCA39\EngineCore\VertexBuffer.cpp(190,53): warning C4267: '인수': 'size_t'에서 'UINT'(으)로 변환하면서 데이터가 손실될 수 있습니다.
  코드를 생성하고 있습니다...
  EngineCore.vcxproj -> E:\Choijiwon\AcademyStudy\00_KGCA\output\EngineCore.lib
          1개 파일이 복사되었습니다.
  Matrix.h
  TCore.h
  TDevice.h
  TInput.h
  TSound.h
  TStd.h
  TTimer.h
  TWindow.h
  TWrite.h
  Vector.h
  VertexBuffer.h
         11개 파일이 복사되었습니다.
