e:\choijiwon\academystudy\00_kgca\output\samplelib_map\vc142.pdb
e:\choijiwon\academystudy\00_kgca\output\samplelib_map\vc142.idb
e:\choijiwon\academystudy\00_kgca\output\samplelib_map\shapeobj.obj
e:\choijiwon\academystudy\00_kgca\output\samplelib_map\sample.obj
e:\choijiwon\academystudy\00_kgca\output\samplelib_map\modelobj.obj
e:\choijiwon\academystudy\00_kgca\output\samplelib_map\mapobj.obj
e:\choijiwon\academystudy\00_kgca\output\samplelib_map\camera.obj
e:\choijiwon\academystudy\00_kgca\output\pixelshader.cso
e:\choijiwon\academystudy\00_kgca\output\vertexshader.cso
e:\choijiwon\academystudy\00_kgca\output\samplelib_map\samplelib_map.ilk
e:\choijiwon\academystudy\00_kgca\output\samplelib_map.exe
e:\choijiwon\academystudy\00_kgca\output\samplelib_map.pdb
e:\choijiwon\academystudy\00_kgca\output\samplelib_map\../../output/samplelib_map.pdb
e:\choijiwon\academystudy\00_kgca\output\samplelib_map\samplelib_map.tlog\cl.command.1.tlog
e:\choijiwon\academystudy\00_kgca\output\samplelib_map\samplelib_map.tlog\cl.read.1.tlog
e:\choijiwon\academystudy\00_kgca\output\samplelib_map\samplelib_map.tlog\cl.write.1.tlog
e:\choijiwon\academystudy\00_kgca\output\samplelib_map\samplelib_map.tlog\fxc.command.1.tlog
e:\choijiwon\academystudy\00_kgca\output\samplelib_map\samplelib_map.tlog\fxc.read.1.tlog
e:\choijiwon\academystudy\00_kgca\output\samplelib_map\samplelib_map.tlog\fxc.write.1.tlog
e:\choijiwon\academystudy\00_kgca\output\samplelib_map\samplelib_map.tlog\link.command.1.tlog
e:\choijiwon\academystudy\00_kgca\output\samplelib_map\samplelib_map.tlog\link.read.1.tlog
e:\choijiwon\academystudy\00_kgca\output\samplelib_map\samplelib_map.tlog\link.write.1.tlog
