  TCore.cpp
  TDevice.cpp
E:\Choijiwon\AcademyStudy\Study\coding\Mine\Magic\EngineCore\TDevice.cpp(5,10): warning C4101: 'hr' :참조되지 않은 지역 변수입니다.
E:\Choijiwon\AcademyStudy\Study\coding\Mine\Magic\EngineCore\TDevice.cpp(95,1): warning C4002: 함수 같은 매크로 호출 'FAILED'에 대해 인수가 너무 많습니다.
E:\Choijiwon\AcademyStudy\Study\coding\Mine\Magic\EngineCore\TDevice.cpp(121,36): warning C4244: '=': 'UINT'에서 'FLOAT'(으)로 변환하면서 데이터가 손실될 수 있습니다.
E:\Choijiwon\AcademyStudy\Study\coding\Mine\Magic\EngineCore\TDevice.cpp(122,37): warning C4244: '=': 'UINT'에서 'FLOAT'(으)로 변환하면서 데이터가 손실될 수 있습니다.
  TInput.cpp
  TSound.cpp
  TTimer.cpp
  TWindow.cpp
  TWrite.cpp
E:\Choijiwon\AcademyStudy\Study\coding\Mine\Magic\EngineCore\TWrite.cpp(11,18): warning C4244: '=': 'UINT'에서 'FLOAT'(으)로 변환하면서 데이터가 손실될 수 있습니다.
E:\Choijiwon\AcademyStudy\Study\coding\Mine\Magic\EngineCore\TWrite.cpp(12,18): warning C4244: '=': 'UINT'에서 'FLOAT'(으)로 변환하면서 데이터가 손실될 수 있습니다.
E:\Choijiwon\AcademyStudy\Study\coding\Mine\Magic\EngineCore\TWrite.cpp(95,69): warning C4244: '인수': 'LONG'에서 'FLOAT'(으)로 변환하면서 데이터가 손실될 수 있습니다.
E:\Choijiwon\AcademyStudy\Study\coding\Mine\Magic\EngineCore\TWrite.cpp(95,59): warning C4244: '인수': 'LONG'에서 'FLOAT'(으)로 변환하면서 데이터가 손실될 수 있습니다.
E:\Choijiwon\AcademyStudy\Study\coding\Mine\Magic\EngineCore\TWrite.cpp(95,51): warning C4244: '인수': 'LONG'에서 'FLOAT'(으)로 변환하면서 데이터가 손실될 수 있습니다.
E:\Choijiwon\AcademyStudy\Study\coding\Mine\Magic\EngineCore\TWrite.cpp(95,42): warning C4244: '인수': 'LONG'에서 'FLOAT'(으)로 변환하면서 데이터가 손실될 수 있습니다.
E:\Choijiwon\AcademyStudy\Study\coding\Mine\Magic\EngineCore\TWrite.cpp(100,50): warning C4267: '인수': 'size_t'에서 'UINT32'(으)로 변환하면서 데이터가 손실될 수 있습니다.
E:\Choijiwon\AcademyStudy\Study\coding\Mine\Magic\EngineCore\TWrite.cpp(105,48): warning C4267: '인수': 'size_t'에서 'UINT32'(으)로 변환하면서 데이터가 손실될 수 있습니다.
  코드를 생성하고 있습니다...
  EngineCore.vcxproj -> E:\Choijiwon\AcademyStudy\Study\coding\Mine\Magic\x64\Debug\EngineCore.lib
