e:\choijiwon\academystudy\01_kgca\export\knetworklib\knetworklib.pdb
e:\choijiwon\academystudy\01_kgca\export\knetworklib\knetworklib.idb
e:\choijiwon\academystudy\01_kgca\export\knetworklib\kpacket.obj
e:\choijiwon\academystudy\01_kgca\export\knetworklib\knetworkuser.obj
e:\choijiwon\academystudy\01_kgca\export\knetworklib\knetwork.obj
e:\choijiwon\academystudy\01_kgca\export\knetworklib\kasyncselect.obj
e:\choijiwon\academystudy\01_kgca\export\knetworklib\knetworklib.lib
c:\users\popo2\documents\github\academystudy\01_kgca\export\knetworklib\kasyncselect.obj
c:\users\popo2\documents\github\academystudy\01_kgca\export\knetworklib\knetwork.obj
c:\users\popo2\documents\github\academystudy\01_kgca\export\knetworklib\knetworkuser.obj
c:\users\popo2\documents\github\academystudy\01_kgca\export\knetworklib\kpacket.obj
c:\users\popo2\documents\github\academystudy\01_kgca\export\knetworklib\knetworklib.idb
c:\users\popo2\documents\github\academystudy\01_kgca\export\knetworklib\knetworklib.pdb
c:\users\popo2\documents\github\academystudy\01_kgca\export\knetworklib\../../export/knetworklib/knetworklib.pdb
c:\users\popo2\documents\github\academystudy\01_kgca\export\knetworklib\knetworklib.lib
c:\users\popo2\documents\github\academystudy\01_kgca\export\knetworklib\knetworklib.tlog\cl.command.1.tlog
c:\users\popo2\documents\github\academystudy\01_kgca\export\knetworklib\knetworklib.tlog\cl.read.1.tlog
c:\users\popo2\documents\github\academystudy\01_kgca\export\knetworklib\knetworklib.tlog\cl.write.1.tlog
c:\users\popo2\documents\github\academystudy\01_kgca\export\knetworklib\knetworklib.tlog\lib-link.read.1.tlog
c:\users\popo2\documents\github\academystudy\01_kgca\export\knetworklib\knetworklib.tlog\lib-link.write.1.tlog
c:\users\popo2\documents\github\academystudy\01_kgca\export\knetworklib\knetworklib.tlog\lib.command.1.tlog
