c:\users\popo2\documents\github\academystudy\01_kgca\export\sample_selectclient_imgui\obj\vc142.pdb
c:\users\popo2\documents\github\academystudy\01_kgca\export\sample_selectclient_imgui\obj\vc142.idb
c:\users\popo2\documents\github\academystudy\01_kgca\export\sample_selectclient_imgui\obj\sample.obj
c:\users\popo2\documents\github\academystudy\01_kgca\export\sample_selectclient_imgui\obj\kpacket.obj
c:\users\popo2\documents\github\academystudy\01_kgca\export\sample_selectclient_imgui\obj\knetworkuser.obj
c:\users\popo2\documents\github\academystudy\01_kgca\export\sample_selectclient_imgui\obj\knetwork.obj
c:\users\popo2\documents\github\academystudy\01_kgca\export\sample_selectclient_imgui\obj\kasyncselect.obj
e:\choijiwon\academystudy\01_kgca\export\sample_selectclient_imgui\obj\vc142.pdb
e:\choijiwon\academystudy\01_kgca\export\sample_selectclient_imgui\obj\vc142.idb
e:\choijiwon\academystudy\01_kgca\export\sample_selectclient_imgui\obj\sample.obj
e:\choijiwon\academystudy\01_kgca\export\sample_selectclient_imgui\obj\kpacket.obj
e:\choijiwon\academystudy\01_kgca\export\sample_selectclient_imgui\obj\knetworkuser.obj
e:\choijiwon\academystudy\01_kgca\export\sample_selectclient_imgui\obj\knetwork.obj
e:\choijiwon\academystudy\01_kgca\export\sample_selectclient_imgui\obj\kasyncselect.obj
e:\github\academystudy\01_kgca\export\sample_selectclient_imgui\obj\vc142.pdb
e:\github\academystudy\01_kgca\export\sample_selectclient_imgui\obj\vc142.idb
e:\github\academystudy\01_kgca\export\sample_selectclient_imgui\obj\sample.obj
e:\github\academystudy\01_kgca\export\sample_selectclient_imgui\obj\kpacket.obj
e:\github\academystudy\01_kgca\export\sample_selectclient_imgui\obj\knetworkuser.obj
e:\github\academystudy\01_kgca\export\sample_selectclient_imgui\obj\knetwork.obj
e:\github\academystudy\01_kgca\export\sample_selectclient_imgui\obj\kasyncselect.obj
c:\users\popo2\documents\github\academystudy\01_kgca\export\sample_selectclient_imgui\obj\sample_selectclient_imgui.ilk
c:\users\popo2\documents\github\academystudy\01_kgca\export\sample_selectclient_imgui\sample_selectclient_imgui.exe
c:\users\popo2\documents\github\academystudy\01_kgca\export\sample_selectclient_imgui\sample_selectclient_imgui.pdb
e:\choijiwon\academystudy\01_kgca\export\sample_selectclient_imgui\obj\sample_selectclient_imgui.ilk
e:\choijiwon\academystudy\01_kgca\export\sample_selectclient_imgui\sample_selectclient_imgui.exe
e:\choijiwon\academystudy\01_kgca\export\sample_selectclient_imgui\sample_selectclient_imgui.pdb
c:\users\popo2\documents\github\academystudy\01_kgca\export\sample_selectclient_imgui\obj\sample_input.res
e:\choijiwon\academystudy\01_kgca\export\sample_selectclient_imgui\obj\sample_input.res
e:\github\academystudy\01_kgca\export\sample_selectclient_imgui\obj\sample_input.res
e:\github\academystudy\01_kgca\export\sample_selectclient_imgui\obj\sample_s.40f5c6e7.tlog\cl.command.1.tlog
e:\github\academystudy\01_kgca\export\sample_selectclient_imgui\obj\sample_s.40f5c6e7.tlog\cl.read.1.tlog
e:\github\academystudy\01_kgca\export\sample_selectclient_imgui\obj\sample_s.40f5c6e7.tlog\cl.write.1.tlog
e:\github\academystudy\01_kgca\export\sample_selectclient_imgui\obj\sample_s.40f5c6e7.tlog\link.command.1.tlog
e:\github\academystudy\01_kgca\export\sample_selectclient_imgui\obj\sample_s.40f5c6e7.tlog\link.read.1.tlog
e:\github\academystudy\01_kgca\export\sample_selectclient_imgui\obj\sample_s.40f5c6e7.tlog\link.write.1.tlog
e:\github\academystudy\01_kgca\export\sample_selectclient_imgui\obj\sample_s.40f5c6e7.tlog\rc.command.1.tlog
e:\github\academystudy\01_kgca\export\sample_selectclient_imgui\obj\sample_s.40f5c6e7.tlog\rc.read.1.tlog
e:\github\academystudy\01_kgca\export\sample_selectclient_imgui\obj\sample_s.40f5c6e7.tlog\rc.write.1.tlog
