e:\choijiwon\academystudy\01_kgca\export\sample_selectclient\obj\vc142.pdb
e:\choijiwon\academystudy\01_kgca\export\sample_selectclient\obj\vc142.idb
e:\choijiwon\academystudy\01_kgca\export\sample_selectclient\obj\sample.obj
e:\choijiwon\academystudy\01_kgca\export\sample_selectclient\obj\kpacket.obj
e:\choijiwon\academystudy\01_kgca\export\sample_selectclient\obj\knetworkuser.obj
e:\choijiwon\academystudy\01_kgca\export\sample_selectclient\obj\knetwork.obj
e:\choijiwon\academystudy\01_kgca\export\sample_selectclient\obj\kasyncselect.obj
e:\github\academystudy\01_kgca\export\sample_selectclient\obj\vc142.pdb
e:\github\academystudy\01_kgca\export\sample_selectclient\obj\vc142.idb
e:\github\academystudy\01_kgca\export\sample_selectclient\obj\kpacket.obj
e:\github\academystudy\01_kgca\export\sample_selectclient\obj\knetworkuser.obj
e:\github\academystudy\01_kgca\export\sample_selectclient\obj\knetwork.obj
e:\github\academystudy\01_kgca\export\sample_selectclient\obj\kasyncselect.obj
e:\choijiwon\academystudy\01_kgca\export\sample_selectclient\sample_selectclient.exe
e:\choijiwon\academystudy\01_kgca\export\sample_selectclient\obj\sample_selectclient.ilk
e:\choijiwon\academystudy\01_kgca\export\sample_selectclient\sample_selectclient.pdb
e:\choijiwon\academystudy\01_kgca\export\sample_selectclient\obj\sample_input.res
e:\github\academystudy\01_kgca\export\sample_selectclient\obj\sample_selectclient.ilk
e:\github\academystudy\01_kgca\export\sample_selectclient\obj\sample_input.res
e:\github\academystudy\01_kgca\export\sample_selectclient\sample_selectclient.exe
e:\github\academystudy\01_kgca\export\sample_selectclient\obj\sample_s.bdfad3c1.tlog\cl.command.1.tlog
e:\github\academystudy\01_kgca\export\sample_selectclient\obj\sample_s.bdfad3c1.tlog\cl.read.1.tlog
e:\github\academystudy\01_kgca\export\sample_selectclient\obj\sample_s.bdfad3c1.tlog\cl.write.1.tlog
e:\github\academystudy\01_kgca\export\sample_selectclient\obj\sample_s.bdfad3c1.tlog\link.command.1.tlog
e:\github\academystudy\01_kgca\export\sample_selectclient\obj\sample_s.bdfad3c1.tlog\link.read.1.tlog
e:\github\academystudy\01_kgca\export\sample_selectclient\obj\sample_s.bdfad3c1.tlog\link.write.1.tlog
e:\github\academystudy\01_kgca\export\sample_selectclient\obj\sample_s.bdfad3c1.tlog\rc.command.1.tlog
e:\github\academystudy\01_kgca\export\sample_selectclient\obj\sample_s.bdfad3c1.tlog\rc.read.1.tlog
e:\github\academystudy\01_kgca\export\sample_selectclient\obj\sample_s.bdfad3c1.tlog\rc.write.1.tlog
