e:\choijiwon\academystudy\00_kgca\output\samplelib_lod\vc142.pdb
e:\choijiwon\academystudy\00_kgca\output\samplelib_lod\vc142.idb
e:\choijiwon\academystudy\00_kgca\output\samplelib_lod\kshape.obj
e:\choijiwon\academystudy\00_kgca\output\samplelib_lod\kquadtree.obj
e:\choijiwon\academystudy\00_kgca\output\samplelib_lod\knode.obj
e:\choijiwon\academystudy\00_kgca\output\samplelib_lod\kmodel.obj
e:\choijiwon\academystudy\00_kgca\output\samplelib_lod\kmap.obj
e:\choijiwon\academystudy\00_kgca\output\samplelib_lod\kcamera.obj
e:\choijiwon\academystudy\00_kgca\output\samplelib_lod\sample.obj
e:\choijiwon\academystudy\00_kgca\output\samplelib_lod\krstate.obj
e:\choijiwon\academystudy\00_kgca\output\pixelshader.cso
e:\choijiwon\academystudy\00_kgca\output\vertexshader.cso
e:\choijiwon\academystudy\00_kgca\output\samplelib_lod.exe
e:\choijiwon\academystudy\00_kgca\output\samplelib_lod\samplelib_lod.ilk
e:\choijiwon\academystudy\00_kgca\output\samplelib_lod.pdb
e:\choijiwon\academystudy\00_kgca\output\samplelib_lod\tcamera.obj
e:\choijiwon\academystudy\00_kgca\output\samplelib_lod\tmap.obj
e:\choijiwon\academystudy\00_kgca\output\samplelib_lod\tmodel.obj
e:\choijiwon\academystudy\00_kgca\output\samplelib_lod\tquadtree.obj
e:\choijiwon\academystudy\00_kgca\output\samplelib_lod\tshape.obj
e:\choijiwon\academystudy\00_kgca\output\samplelib_lod\../../output/samplelib_lod.pdb
e:\choijiwon\academystudy\00_kgca\output\samplelib_lod\samplelib_lod.tlog\cl.command.1.tlog
e:\choijiwon\academystudy\00_kgca\output\samplelib_lod\samplelib_lod.tlog\cl.read.1.tlog
e:\choijiwon\academystudy\00_kgca\output\samplelib_lod\samplelib_lod.tlog\cl.write.1.tlog
e:\choijiwon\academystudy\00_kgca\output\samplelib_lod\samplelib_lod.tlog\fxc.command.1.tlog
e:\choijiwon\academystudy\00_kgca\output\samplelib_lod\samplelib_lod.tlog\fxc.read.1.tlog
e:\choijiwon\academystudy\00_kgca\output\samplelib_lod\samplelib_lod.tlog\fxc.write.1.tlog
e:\choijiwon\academystudy\00_kgca\output\samplelib_lod\samplelib_lod.tlog\link.command.1.tlog
e:\choijiwon\academystudy\00_kgca\output\samplelib_lod\samplelib_lod.tlog\link.read.1.tlog
e:\choijiwon\academystudy\00_kgca\output\samplelib_lod\samplelib_lod.tlog\link.write.1.tlog
