C:\Program Files (x86)\Microsoft Visual Studio\2019\Community\MSBuild\Microsoft\VC\v160\Microsoft.CppBuild.targets(498,5): warning MSB8004: Intermediate 디렉터리가 슬래시로 끝나지 않습니다. Intermediate 디렉터리의 적절한 평가를 허용하는 데 필요하므로 이 빌드 인스턴스에서 슬래시를 추가합니다.
C:\Program Files (x86)\Microsoft Visual Studio\2019\Community\MSBuild\Microsoft\VC\v160\Microsoft.CppBuild.targets(498,5): warning MSB8004: Intermediate 디렉터리가 슬래시로 끝나지 않습니다. Intermediate 디렉터리의 적절한 평가를 허용하는 데 필요하므로 이 빌드 인스턴스에서 슬래시를 추가합니다.
  KMap.cpp
C:\Users\popo2\Documents\GitHub\AcademyStudy\00_KGCA\include\KMath.h(550,9): warning C4244: '=': 'double'에서 'float'(으)로 변환하면서 데이터가 손실될 수 있습니다.
  KModel.cpp
C:\Users\popo2\Documents\GitHub\AcademyStudy\00_KGCA\include\KMath.h(550,9): warning C4244: '=': 'double'에서 'float'(으)로 변환하면서 데이터가 손실될 수 있습니다.
C:\Users\popo2\Documents\GitHub\AcademyStudy\00_KGCA\KGCA39\SampleLib_LOD\KModel.cpp(31,24): warning C4477: 'swscanf_s' : 서식 문자열 '%s'에 'unsigned int' 형식의 인수가 필요하지만 variadic 인수 2의 형식이 'unsigned __int64'입니다.
C:\Users\popo2\Documents\GitHub\AcademyStudy\00_KGCA\KGCA39\SampleLib_LOD\KModel.cpp(31,24): message : 이 인수는 버퍼 크기로 사용됩니다.
C:\Users\popo2\Documents\GitHub\AcademyStudy\00_KGCA\KGCA39\SampleLib_LOD\KModel.cpp(78,63): warning C4267: '=': 'size_t'에서 'UINT'(으)로 변환하면서 데이터가 손실될 수 있습니다.
C:\Users\popo2\Documents\GitHub\AcademyStudy\00_KGCA\KGCA39\SampleLib_LOD\KModel.cpp(94,54): warning C4267: '=': 'size_t'에서 'UINT'(으)로 변환하면서 데이터가 손실될 수 있습니다.
C:\Users\popo2\Documents\GitHub\AcademyStudy\00_KGCA\KGCA39\SampleLib_LOD\KModel.cpp(103,37): warning C4267: '=': 'size_t'에서 'UINT'(으)로 변환하면서 데이터가 손실될 수 있습니다.
  KNode.cpp
C:\Users\popo2\Documents\GitHub\AcademyStudy\00_KGCA\include\KMath.h(550,9): warning C4244: '=': 'double'에서 'float'(으)로 변환하면서 데이터가 손실될 수 있습니다.
  KQuadtree.cpp
C:\Users\popo2\Documents\GitHub\AcademyStudy\00_KGCA\include\KMath.h(550,9): warning C4244: '=': 'double'에서 'float'(으)로 변환하면서 데이터가 손실될 수 있습니다.
C:\Users\popo2\Documents\GitHub\AcademyStudy\00_KGCA\KGCA39\SampleLib_LOD\KQuadtree.cpp(36,21): warning C4477: 'swscanf_s' : 서식 문자열 '%s'에 'unsigned int' 형식의 인수가 필요하지만 variadic 인수 2의 형식이 'unsigned __int64'입니다.
C:\Users\popo2\Documents\GitHub\AcademyStudy\00_KGCA\KGCA39\SampleLib_LOD\KQuadtree.cpp(36,21): message : 이 인수는 버퍼 크기로 사용됩니다.
C:\Users\popo2\Documents\GitHub\AcademyStudy\00_KGCA\KGCA39\SampleLib_LOD\KQuadtree.cpp(40,21): warning C4477: 'swscanf_s' : 서식 문자열 '%s'에 'unsigned int' 형식의 인수가 필요하지만 variadic 인수 2의 형식이 'unsigned __int64'입니다.
C:\Users\popo2\Documents\GitHub\AcademyStudy\00_KGCA\KGCA39\SampleLib_LOD\KQuadtree.cpp(40,21): message : 이 인수는 버퍼 크기로 사용됩니다.
C:\Users\popo2\Documents\GitHub\AcademyStudy\00_KGCA\KGCA39\SampleLib_LOD\KQuadtree.cpp(52,23): warning C4477: 'swscanf_s' : 서식 문자열 '%s'에 'unsigned int' 형식의 인수가 필요하지만 variadic 인수 3의 형식이 'unsigned __int64'입니다.
C:\Users\popo2\Documents\GitHub\AcademyStudy\00_KGCA\KGCA39\SampleLib_LOD\KQuadtree.cpp(52,23): message : 이 인수는 버퍼 크기로 사용됩니다.
C:\Users\popo2\Documents\GitHub\AcademyStudy\00_KGCA\KGCA39\SampleLib_LOD\KQuadtree.cpp(83,62): warning C4267: '=': 'size_t'에서 'UINT'(으)로 변환하면서 데이터가 손실될 수 있습니다.
C:\Users\popo2\Documents\GitHub\AcademyStudy\00_KGCA\KGCA39\SampleLib_LOD\KQuadtree.cpp(129,51): warning C4267: '=': 'size_t'에서 'UINT'(으)로 변환하면서 데이터가 손실될 수 있습니다.
C:\Users\popo2\Documents\GitHub\AcademyStudy\00_KGCA\KGCA39\SampleLib_LOD\KQuadtree.cpp(168,67): warning C4267: '=': 'size_t'에서 'UINT'(으)로 변환하면서 데이터가 손실될 수 있습니다.
C:\Users\popo2\Documents\GitHub\AcademyStudy\00_KGCA\KGCA39\SampleLib_LOD\KQuadtree.cpp(224,71): warning C4267: '=': 'size_t'에서 'UINT'(으)로 변환하면서 데이터가 손실될 수 있습니다.
C:\Users\popo2\Documents\GitHub\AcademyStudy\00_KGCA\KGCA39\SampleLib_LOD\KQuadtree.cpp(229,71): warning C4267: '=': 'size_t'에서 'UINT'(으)로 변환하면서 데이터가 손실될 수 있습니다.
C:\Users\popo2\Documents\GitHub\AcademyStudy\00_KGCA\KGCA39\SampleLib_LOD\KQuadtree.cpp(234,34): warning C4267: '=': 'size_t'에서 'UINT'(으)로 변환하면서 데이터가 손실될 수 있습니다.
C:\Users\popo2\Documents\GitHub\AcademyStudy\00_KGCA\KGCA39\SampleLib_LOD\KQuadtree.cpp(258,51): warning C4244: '인수': 'int'에서 'float'(으)로 변환하면서 데이터가 손실될 수 있습니다.
C:\Users\popo2\Documents\GitHub\AcademyStudy\00_KGCA\KGCA39\SampleLib_LOD\KQuadtree.cpp(258,16): warning C4244: '인수': 'int'에서 'float'(으)로 변환하면서 데이터가 손실될 수 있습니다.
C:\Users\popo2\Documents\GitHub\AcademyStudy\00_KGCA\KGCA39\SampleLib_LOD\KQuadtree.cpp(257,48): warning C4244: '인수': 'int'에서 'float'(으)로 변환하면서 데이터가 손실될 수 있습니다.
C:\Users\popo2\Documents\GitHub\AcademyStudy\00_KGCA\KGCA39\SampleLib_LOD\KQuadtree.cpp(262,30): warning C4244: '=': 'double'에서 'UINT'(으)로 변환하면서 데이터가 손실될 수 있습니다.
C:\Users\popo2\Documents\GitHub\AcademyStudy\00_KGCA\KGCA39\SampleLib_LOD\KQuadtree.cpp(263,33): warning C4244: '=': 'double'에서 'UINT'(으)로 변환하면서 데이터가 손실될 수 있습니다.
C:\Users\popo2\Documents\GitHub\AcademyStudy\00_KGCA\KGCA39\SampleLib_LOD\KQuadtree.cpp(304,4): warning C4244: '인수': 'int'에서 'float'(으)로 변환하면서 데이터가 손실될 수 있습니다.
C:\Users\popo2\Documents\GitHub\AcademyStudy\00_KGCA\KGCA39\SampleLib_LOD\KQuadtree.cpp(303,4): warning C4244: '인수': 'int'에서 'float'(으)로 변환하면서 데이터가 손실될 수 있습니다.
C:\Users\popo2\Documents\GitHub\AcademyStudy\00_KGCA\KGCA39\SampleLib_LOD\KQuadtree.cpp(302,4): warning C4244: '인수': 'int'에서 'float'(으)로 변환하면서 데이터가 손실될 수 있습니다.
C:\Users\popo2\Documents\GitHub\AcademyStudy\00_KGCA\KGCA39\SampleLib_LOD\KQuadtree.cpp(301,63): warning C4244: '인수': '_Ty'에서 'float'(으)로 변환하면서 데이터가 손실될 수 있습니다.
          with
          [
              _Ty=DWORD
          ]
C:\Users\popo2\Documents\GitHub\AcademyStudy\00_KGCA\KGCA39\SampleLib_LOD\KQuadtree.cpp(310,4): warning C4244: '인수': 'int'에서 'float'(으)로 변환하면서 데이터가 손실될 수 있습니다.
C:\Users\popo2\Documents\GitHub\AcademyStudy\00_KGCA\KGCA39\SampleLib_LOD\KQuadtree.cpp(309,4): warning C4244: '인수': 'int'에서 'float'(으)로 변환하면서 데이터가 손실될 수 있습니다.
C:\Users\popo2\Documents\GitHub\AcademyStudy\00_KGCA\KGCA39\SampleLib_LOD\KQuadtree.cpp(308,25): warning C4244: '인수': '_Ty'에서 'float'(으)로 변환하면서 데이터가 손실될 수 있습니다.
          with
          [
              _Ty=DWORD
          ]
C:\Users\popo2\Documents\GitHub\AcademyStudy\00_KGCA\KGCA39\SampleLib_LOD\KQuadtree.cpp(307,42): warning C4244: '인수': 'int'에서 'float'(으)로 변환하면서 데이터가 손실될 수 있습니다.
C:\Users\popo2\Documents\GitHub\AcademyStudy\00_KGCA\KGCA39\SampleLib_LOD\KQuadtree.cpp(316,4): warning C4244: '인수': 'int'에서 'float'(으)로 변환하면서 데이터가 손실될 수 있습니다.
C:\Users\popo2\Documents\GitHub\AcademyStudy\00_KGCA\KGCA39\SampleLib_LOD\KQuadtree.cpp(315,25): warning C4244: '인수': '_Ty'에서 'float'(으)로 변환하면서 데이터가 손실될 수 있습니다.
          with
          [
              _Ty=DWORD
          ]
C:\Users\popo2\Documents\GitHub\AcademyStudy\00_KGCA\KGCA39\SampleLib_LOD\KQuadtree.cpp(314,4): warning C4244: '인수': 'int'에서 'float'(으)로 변환하면서 데이터가 손실될 수 있습니다.
C:\Users\popo2\Documents\GitHub\AcademyStudy\00_KGCA\KGCA39\SampleLib_LOD\KQuadtree.cpp(313,42): warning C4244: '인수': 'int'에서 'float'(으)로 변환하면서 데이터가 손실될 수 있습니다.
C:\Users\popo2\Documents\GitHub\AcademyStudy\00_KGCA\KGCA39\SampleLib_LOD\KQuadtree.cpp(322,25): warning C4244: '인수': '_Ty'에서 'float'(으)로 변환하면서 데이터가 손실될 수 있습니다.
          with
          [
              _Ty=DWORD
          ]
C:\Users\popo2\Documents\GitHub\AcademyStudy\00_KGCA\KGCA39\SampleLib_LOD\KQuadtree.cpp(321,4): warning C4244: '인수': 'int'에서 'float'(으)로 변환하면서 데이터가 손실될 수 있습니다.
C:\Users\popo2\Documents\GitHub\AcademyStudy\00_KGCA\KGCA39\SampleLib_LOD\KQuadtree.cpp(320,4): warning C4244: '인수': 'int'에서 'float'(으)로 변환하면서 데이터가 손실될 수 있습니다.
C:\Users\popo2\Documents\GitHub\AcademyStudy\00_KGCA\KGCA39\SampleLib_LOD\KQuadtree.cpp(319,42): warning C4244: '인수': 'int'에서 'float'(으)로 변환하면서 데이터가 손실될 수 있습니다.
C:\Users\popo2\Documents\GitHub\AcademyStudy\00_KGCA\KGCA39\SampleLib_LOD\KQuadtree.cpp(328,19): warning C4018: '<': signed 또는 unsigned가 일치하지 않습니다.
C:\Users\popo2\Documents\GitHub\AcademyStudy\00_KGCA\KGCA39\SampleLib_LOD\KQuadtree.cpp(406,26): warning C4018: '<': signed 또는 unsigned가 일치하지 않습니다.
C:\Users\popo2\Documents\GitHub\AcademyStudy\00_KGCA\KGCA39\SampleLib_LOD\KQuadtree.cpp(422,26): warning C4018: '<': signed 또는 unsigned가 일치하지 않습니다.
C:\Users\popo2\Documents\GitHub\AcademyStudy\00_KGCA\KGCA39\SampleLib_LOD\KQuadtree.cpp(435,33): warning C4244: '인수': 'float'에서 'UINT'(으)로 변환하면서 데이터가 손실될 수 있습니다.
C:\Users\popo2\Documents\GitHub\AcademyStudy\00_KGCA\KGCA39\SampleLib_LOD\KQuadtree.cpp(435,31): warning C4244: '인수': 'float'에서 'UINT'(으)로 변환하면서 데이터가 손실될 수 있습니다.
C:\Users\popo2\Documents\GitHub\AcademyStudy\00_KGCA\KGCA39\SampleLib_LOD\KQuadtree.cpp(435,29): warning C4244: '인수': 'float'에서 'UINT'(으)로 변환하면서 데이터가 손실될 수 있습니다.
C:\Users\popo2\Documents\GitHub\AcademyStudy\00_KGCA\KGCA39\SampleLib_LOD\KQuadtree.cpp(435,27): warning C4244: '인수': 'float'에서 'UINT'(으)로 변환하면서 데이터가 손실될 수 있습니다.
  KShape.cpp
C:\Users\popo2\Documents\GitHub\AcademyStudy\00_KGCA\include\KMath.h(550,9): warning C4244: '=': 'double'에서 'float'(으)로 변환하면서 데이터가 손실될 수 있습니다.
  Sample.cpp
C:\Users\popo2\Documents\GitHub\AcademyStudy\00_KGCA\include\KMath.h(550,9): warning C4244: '=': 'double'에서 'float'(으)로 변환하면서 데이터가 손실될 수 있습니다.
  코드를 생성하고 있습니다...
  SampleLodMap.vcxproj -> C:\Users\popo2\Documents\GitHub\AcademyStudy\00_KGCA\output\SampleLib_Lod.exe
