  KState.cpp
E:\Choijiwon\AcademyStudy\01_KGCA\Source\KD3DLib\KState.cpp(121): warning C4715: 'KState::CreateBlendState': 모든 제어 경로에서 값을 반환하지는 않습니다.
  KD3DLib.vcxproj -> E:\Choijiwon\AcademyStudy\01_KGCA\Export\KD3DLib\KD3DLib.lib
          1개 파일이 복사되었습니다.
  ImGuiManager.h
  K2DAsset.h
  K3DAsset.h
  KBoxObj.h
  KCamera.h
  KCollider.h
  KCollision.h
  KCore.h
  KDebugBoxRenderer.h
  KDepthStencil.h
  KDevice.h
  KFrustum.h
  KInput.h
  KManager.h
  KMap.h
  KMapSpace.h
  KNode.h
  KObject.h
  KObjectManager.h
  KObjObject.h
  KPivot.h
  KPlaneObj.h
  KQuadTree.h
  KRenderTarget.h
  KScene.h
  KShaderManager.h
  KSkyBox.h
  KSound.h
  KSoundManager.h
  KSpriteManager.h
  KState.h
  KStd.h
  KTextureManager.h
  KTimer.h
  KUI.h
  KUIModelManager.h
  KWindow.h
  KWrite.h
  resource.h
         39개 파일이 복사되었습니다.
