e:\github\academystudy\01_kgca\export\kd3dlib\kd3dlib.pdb
e:\github\academystudy\01_kgca\export\kd3dlib\kd3dlib.idb
e:\github\academystudy\01_kgca\export\kd3dlib\obj\kmap.obj
e:\github\academystudy\01_kgca\export\kd3dlib\obj\kmanager.obj
e:\github\academystudy\01_kgca\export\kd3dlib\obj\kinput.obj
e:\github\academystudy\01_kgca\export\kd3dlib\obj\kfrustum.obj
e:\github\academystudy\01_kgca\export\kd3dlib\obj\kdevice.obj
e:\github\academystudy\01_kgca\export\kd3dlib\obj\kdepthstencil.obj
e:\github\academystudy\01_kgca\export\kd3dlib\obj\kcore.obj
e:\github\academystudy\01_kgca\export\kd3dlib\obj\kcollision.obj
e:\github\academystudy\01_kgca\export\kd3dlib\obj\kcollider.obj
e:\github\academystudy\01_kgca\export\kd3dlib\obj\kcamera.obj
e:\github\academystudy\01_kgca\export\kd3dlib\obj\kboxobj.obj
e:\github\academystudy\01_kgca\export\kd3dlib\obj\k3dasset.obj
e:\github\academystudy\01_kgca\export\kd3dlib\obj\k2dasset.obj
e:\github\academystudy\01_kgca\export\kd3dlib\obj\imguimanager.obj
e:\github\academystudy\01_kgca\export\kd3dlib\obj\imgui_widgets.obj
e:\github\academystudy\01_kgca\export\kd3dlib\obj\imgui_impl_win32.obj
e:\github\academystudy\01_kgca\export\kd3dlib\obj\imgui_impl_dx11.obj
e:\github\academystudy\01_kgca\export\kd3dlib\obj\imgui_draw.obj
e:\github\academystudy\01_kgca\export\kd3dlib\obj\imgui_demo.obj
e:\github\academystudy\01_kgca\export\kd3dlib\obj\imgui.obj
e:\github\academystudy\01_kgca\export\kd3dlib\obj\kwindow.obj
e:\github\academystudy\01_kgca\export\kd3dlib\obj\kuimodelmanager.obj
e:\github\academystudy\01_kgca\export\kd3dlib\obj\kui.obj
e:\github\academystudy\01_kgca\export\kd3dlib\obj\ktimer.obj
e:\github\academystudy\01_kgca\export\kd3dlib\obj\ktexturemanager.obj
e:\github\academystudy\01_kgca\export\kd3dlib\obj\kstate.obj
e:\github\academystudy\01_kgca\export\kd3dlib\obj\kspritemanager.obj
e:\github\academystudy\01_kgca\export\kd3dlib\obj\ksoundmanager.obj
e:\github\academystudy\01_kgca\export\kd3dlib\obj\ksound.obj
e:\github\academystudy\01_kgca\export\kd3dlib\obj\kshadermanager.obj
e:\github\academystudy\01_kgca\export\kd3dlib\obj\kscene.obj
e:\github\academystudy\01_kgca\export\kd3dlib\obj\krendertarget.obj
e:\github\academystudy\01_kgca\export\kd3dlib\obj\kquadtree.obj
e:\github\academystudy\01_kgca\export\kd3dlib\obj\kplaneobj.obj
e:\github\academystudy\01_kgca\export\kd3dlib\obj\kobjobject.obj
e:\github\academystudy\01_kgca\export\kd3dlib\obj\kobjectmanager.obj
e:\github\academystudy\01_kgca\export\kd3dlib\obj\kobject.obj
e:\github\academystudy\01_kgca\export\kd3dlib\obj\knode.obj
e:\github\academystudy\01_kgca\export\kd3dlib\obj\kmapspace.obj
e:\github\academystudy\01_kgca\export\kd3dlib\obj\kmath.obj
e:\github\academystudy\01_kgca\export\kd3dlib\obj\kwrite.obj
e:\github\academystudy\01_kgca\export\kd3dlib\obj\kd3dlib.tlog\cl.command.1.tlog
e:\github\academystudy\01_kgca\export\kd3dlib\obj\kd3dlib.tlog\cl.read.1.tlog
e:\github\academystudy\01_kgca\export\kd3dlib\obj\kd3dlib.tlog\cl.write.1.tlog
