C:\Program Files (x86)\Microsoft Visual Studio\2019\Professional\MSBuild\Current\Bin\Microsoft.Common.CurrentVersion.targets(1967,5): warning : The referenced project '..\TEngineCore\TEngineCore.vcxproj' does not exist.
C:\Program Files (x86)\Microsoft Visual Studio\2019\Professional\MSBuild\Microsoft\VC\v160\Microsoft.CppBuild.targets(498,5): warning MSB8004: Intermediate 디렉터리가 슬래시로 끝나지 않습니다. Intermediate 디렉터리의 적절한 평가를 허용하는 데 필요하므로 이 빌드 인스턴스에서 슬래시를 추가합니다.
  Sample.cpp
E:\Choijiwon\AcademyStudy\00_KGCA\include\KMath.h(550,9): warning C4244: '=': 'double'에서 'float'(으)로 변환하면서 데이터가 손실될 수 있습니다.
E:\Choijiwon\AcademyStudy\00_KGCA\KGCA39\test\Sample.cpp(29,18): error C2065: 'TBASIS_PI': 선언되지 않은 식별자입니다.
E:\Choijiwon\AcademyStudy\00_KGCA\KGCA39\test\Sample.cpp(28,13): error C2660: 'TCamera::CreateProjMatrix': 함수는 3개의 인수를 사용하지 않습니다.
E:\Choijiwon\AcademyStudy\00_KGCA\KGCA39\test\TCamera.h(18,20): message : 'TCamera::CreateProjMatrix' 선언을 참조하십시오.
E:\Choijiwon\AcademyStudy\00_KGCA\KGCA39\test\Sample.cpp(98,25): error C4430: 형식 지정자가 없습니다. int로 가정합니다. 참고: C++에서는 기본 int를 지원하지 않습니다.
E:\Choijiwon\AcademyStudy\00_KGCA\KGCA39\test\Sample.cpp(98,12): error C2065: 'SampleLibrary': 선언되지 않은 식별자입니다.
E:\Choijiwon\AcademyStudy\00_KGCA\KGCA39\test\Sample.cpp(99,1): fatal error C1004: 예기치 않은 파일의 끝이 나타났습니다.
  TCamera.cpp
E:\Choijiwon\AcademyStudy\00_KGCA\include\KMath.h(550,9): warning C4244: '=': 'double'에서 'float'(으)로 변환하면서 데이터가 손실될 수 있습니다.
E:\Choijiwon\AcademyStudy\00_KGCA\KGCA39\test\TCamera.cpp(12,5): error C3861: 'D3DXMatrixLookAtLH': 식별자를 찾을 수 없습니다.
E:\Choijiwon\AcademyStudy\00_KGCA\KGCA39\test\TCamera.cpp(29,5): error C3861: 'D3DXMatrixPerspectiveFovLH': 식별자를 찾을 수 없습니다.
  TMap.cpp
E:\Choijiwon\AcademyStudy\00_KGCA\include\KMath.h(550,9): warning C4244: '=': 'double'에서 'float'(으)로 변환하면서 데이터가 손실될 수 있습니다.
E:\Choijiwon\AcademyStudy\00_KGCA\KGCA39\test\TMap.cpp(30,21): error C3861: 'randstep': 식별자를 찾을 수 없습니다.
E:\Choijiwon\AcademyStudy\00_KGCA\KGCA39\test\TMap.cpp(31,21): error C3861: 'randstep': 식별자를 찾을 수 없습니다.
E:\Choijiwon\AcademyStudy\00_KGCA\KGCA39\test\TMap.cpp(32,21): error C3861: 'randstep': 식별자를 찾을 수 없습니다.
  TShape.cpp
E:\Choijiwon\AcademyStudy\00_KGCA\include\KMath.h(550,9): warning C4244: '=': 'double'에서 'float'(으)로 변환하면서 데이터가 손실될 수 있습니다.
  코드를 생성하고 있습니다...
