C:\Program Files (x86)\Microsoft Visual Studio\2019\Community\MSBuild\Microsoft\VC\v160\Microsoft.CppBuild.targets(498,5): warning MSB8004: Intermediate 디렉터리가 슬래시로 끝나지 않습니다. Intermediate 디렉터리의 적절한 평가를 허용하는 데 필요하므로 이 빌드 인스턴스에서 슬래시를 추가합니다.
C:\Program Files (x86)\Microsoft Visual Studio\2019\Community\MSBuild\Microsoft\VC\v160\Microsoft.CppBuild.targets(499,5): warning MSB8004: Output 디렉터리가 슬래시로 끝나지 않습니다. Output 디렉터리의 적절한 평가를 허용하는 데 필요하므로 이 빌드 인스턴스에서 슬래시를 추가합니다.
  KCamera.cpp
C:\Users\popo2\Documents\GitHub\AcademyStudy\00_KGCA\KGCA39\EngineCoreD\KMath.h(550,9): warning C4244: '=': 'double'에서 'float'(으)로 변환하면서 데이터가 손실될 수 있습니다.
  KDepthStencil.cpp
C:\Users\popo2\Documents\GitHub\AcademyStudy\00_KGCA\KGCA39\EngineCoreD\KMath.h(550,9): warning C4244: '=': 'double'에서 'float'(으)로 변환하면서 데이터가 손실될 수 있습니다.
  KFbxAnimation.cpp
C:\Users\popo2\Documents\GitHub\AcademyStudy\00_KGCA\KGCA39\EngineCoreD\KMath.h(550,9): warning C4244: '=': 'double'에서 'float'(으)로 변환하면서 데이터가 손실될 수 있습니다.
C:\Users\popo2\Documents\GitHub\AcademyStudy\00_KGCA\KGCA39\EngineCoreD\KFbxAnimation.cpp(67,72): warning C4244: '인수': 'double'에서 '_Ty'(으)로 변환하면서 데이터가 손실될 수 있습니다.
          with
          [
              _Ty=float
          ]
C:\Users\popo2\Documents\GitHub\AcademyStudy\00_KGCA\KGCA39\EngineCoreD\KFbxAnimation.cpp(83,19): warning C4244: '초기화 중': 'double'에서 'float'(으)로 변환하면서 데이터가 손실될 수 있습니다.
  KFbxMeshData.cpp
C:\Users\popo2\Documents\GitHub\AcademyStudy\00_KGCA\KGCA39\EngineCoreD\KMath.h(550,9): warning C4244: '=': 'double'에서 'float'(으)로 변환하면서 데이터가 손실될 수 있습니다.
  KFbxObj.cpp
C:\Users\popo2\Documents\GitHub\AcademyStudy\00_KGCA\KGCA39\EngineCoreD\KMath.h(550,9): warning C4244: '=': 'double'에서 'float'(으)로 변환하면서 데이터가 손실될 수 있습니다.
C:\Users\popo2\Documents\GitHub\AcademyStudy\00_KGCA\KGCA39\EngineCoreD\KFbxObj.cpp(50,32): warning C4244: '=': 'float'에서 'int'(으)로 변환하면서 데이터가 손실될 수 있습니다.
C:\Users\popo2\Documents\GitHub\AcademyStudy\00_KGCA\KGCA39\EngineCoreD\KFbxObj.cpp(155,29): warning C4244: '=': 'double'에서 'float'(으)로 변환하면서 데이터가 손실될 수 있습니다.
C:\Users\popo2\Documents\GitHub\AcademyStudy\00_KGCA\KGCA39\EngineCoreD\KFbxObj.cpp(167,29): warning C4244: '=': 'double'에서 'float'(으)로 변환하면서 데이터가 손실될 수 있습니다.
C:\Users\popo2\Documents\GitHub\AcademyStudy\00_KGCA\KGCA39\EngineCoreD\KFbxObj.cpp(516,33): warning C4244: '=': 'T'에서 'float'(으)로 변환하면서 데이터가 손실될 수 있습니다.
          with
          [
              T=fbxsdk::FbxDouble
          ]
C:\Users\popo2\Documents\GitHub\AcademyStudy\00_KGCA\KGCA39\EngineCoreD\KFbxObj.cpp(517,33): warning C4244: '=': 'T'에서 'float'(으)로 변환하면서 데이터가 손실될 수 있습니다.
          with
          [
              T=fbxsdk::FbxDouble
          ]
C:\Users\popo2\Documents\GitHub\AcademyStudy\00_KGCA\KGCA39\EngineCoreD\KFbxObj.cpp(518,33): warning C4244: '=': 'T'에서 'float'(으)로 변환하면서 데이터가 손실될 수 있습니다.
          with
          [
              T=fbxsdk::FbxDouble
          ]
C:\Users\popo2\Documents\GitHub\AcademyStudy\00_KGCA\KGCA39\EngineCoreD\KFbxObj.cpp(530,32): warning C4244: '=': 'T'에서 'float'(으)로 변환하면서 데이터가 손실될 수 있습니다.
          with
          [
              T=fbxsdk::FbxDouble
          ]
C:\Users\popo2\Documents\GitHub\AcademyStudy\00_KGCA\KGCA39\EngineCoreD\KFbxObj.cpp(531,27): warning C4244: '=': 'T'에서 'float'(으)로 변환하면서 데이터가 손실될 수 있습니다.
          with
          [
              T=fbxsdk::FbxDouble
          ]
C:\Users\popo2\Documents\GitHub\AcademyStudy\00_KGCA\KGCA39\EngineCoreD\KFbxObj.cpp(544,29): warning C4244: '=': 'double'에서 'float'(으)로 변환하면서 데이터가 손실될 수 있습니다.
C:\Users\popo2\Documents\GitHub\AcademyStudy\00_KGCA\KGCA39\EngineCoreD\KFbxObj.cpp(545,29): warning C4244: '=': 'double'에서 'float'(으)로 변환하면서 데이터가 손실될 수 있습니다.
C:\Users\popo2\Documents\GitHub\AcademyStudy\00_KGCA\KGCA39\EngineCoreD\KFbxObj.cpp(546,29): warning C4244: '=': 'double'에서 'float'(으)로 변환하면서 데이터가 손실될 수 있습니다.
C:\Users\popo2\Documents\GitHub\AcademyStudy\00_KGCA\KGCA39\EngineCoreD\KFbxObj.cpp(559,39): warning C4244: '=': 'T'에서 'float'(으)로 변환하면서 데이터가 손실될 수 있습니다.
          with
          [
              T=fbxsdk::FbxDouble
          ]
C:\Users\popo2\Documents\GitHub\AcademyStudy\00_KGCA\KGCA39\EngineCoreD\KFbxObj.cpp(560,39): warning C4244: '=': 'T'에서 'float'(으)로 변환하면서 데이터가 손실될 수 있습니다.
          with
          [
              T=fbxsdk::FbxDouble
          ]
C:\Users\popo2\Documents\GitHub\AcademyStudy\00_KGCA\KGCA39\EngineCoreD\KFbxObj.cpp(561,39): warning C4244: '=': 'T'에서 'float'(으)로 변환하면서 데이터가 손실될 수 있습니다.
          with
          [
              T=fbxsdk::FbxDouble
          ]
C:\Users\popo2\Documents\GitHub\AcademyStudy\00_KGCA\KGCA39\EngineCoreD\KFbxObj.cpp(568,60): warning C4267: '초기화 중': 'size_t'에서 'int'(으)로 변환하면서 데이터가 손실될 수 있습니다.
C:\Users\popo2\Documents\GitHub\AcademyStudy\00_KGCA\KGCA39\EngineCoreD\KFbxObj.cpp(572,56): warning C4244: '=': '_Ty'에서 'float'(으)로 변환하면서 데이터가 손실될 수 있습니다.
          with
          [
              _Ty=int
          ]
  KMap.cpp
C:\Users\popo2\Documents\GitHub\AcademyStudy\00_KGCA\KGCA39\EngineCoreD\KMath.h(550,9): warning C4244: '=': 'double'에서 'float'(으)로 변환하면서 데이터가 손실될 수 있습니다.
  KMath.cpp
C:\Users\popo2\Documents\GitHub\AcademyStudy\00_KGCA\KGCA39\EngineCoreD\KMath.h(550,9): warning C4244: '=': 'double'에서 'float'(으)로 변환하면서 데이터가 손실될 수 있습니다.
  KMesh.cpp
C:\Users\popo2\Documents\GitHub\AcademyStudy\00_KGCA\KGCA39\EngineCoreD\KMath.h(550,9): warning C4244: '=': 'double'에서 'float'(으)로 변환하면서 데이터가 손실될 수 있습니다.
C:\Users\popo2\Documents\GitHub\AcademyStudy\00_KGCA\KGCA39\EngineCoreD\KMesh.cpp(28,56): warning C4267: '=': 'size_t'에서 'UINT'(으)로 변환하면서 데이터가 손실될 수 있습니다.
  KModel.cpp
C:\Users\popo2\Documents\GitHub\AcademyStudy\00_KGCA\KGCA39\EngineCoreD\KMath.h(550,9): warning C4244: '=': 'double'에서 'float'(으)로 변환하면서 데이터가 손실될 수 있습니다.
C:\Users\popo2\Documents\GitHub\AcademyStudy\00_KGCA\KGCA39\EngineCoreD\KModel.cpp(40,24): warning C4477: 'swscanf_s' : 서식 문자열 '%s'에 'unsigned int' 형식의 인수가 필요하지만 variadic 인수 2의 형식이 'unsigned __int64'입니다.
C:\Users\popo2\Documents\GitHub\AcademyStudy\00_KGCA\KGCA39\EngineCoreD\KModel.cpp(40,24): message : 이 인수는 버퍼 크기로 사용됩니다.
C:\Users\popo2\Documents\GitHub\AcademyStudy\00_KGCA\KGCA39\EngineCoreD\KModel.cpp(92,56): warning C4267: '=': 'size_t'에서 'UINT'(으)로 변환하면서 데이터가 손실될 수 있습니다.
C:\Users\popo2\Documents\GitHub\AcademyStudy\00_KGCA\KGCA39\EngineCoreD\KModel.cpp(109,54): warning C4267: '=': 'size_t'에서 'UINT'(으)로 변환하면서 데이터가 손실될 수 있습니다.
C:\Users\popo2\Documents\GitHub\AcademyStudy\00_KGCA\KGCA39\EngineCoreD\KModel.cpp(118,37): warning C4267: '=': 'size_t'에서 'UINT'(으)로 변환하면서 데이터가 손실될 수 있습니다.
C:\Users\popo2\Documents\GitHub\AcademyStudy\00_KGCA\KGCA39\EngineCoreD\KModel.cpp(281,47): warning C4267: '인수': 'size_t'에서 'UINT'(으)로 변환하면서 데이터가 손실될 수 있습니다.
  KNode.cpp
C:\Users\popo2\Documents\GitHub\AcademyStudy\00_KGCA\KGCA39\EngineCoreD\KMath.h(550,9): warning C4244: '=': 'double'에서 'float'(으)로 변환하면서 데이터가 손실될 수 있습니다.
  KQuadtree.cpp
C:\Users\popo2\Documents\GitHub\AcademyStudy\00_KGCA\KGCA39\EngineCoreD\KMath.h(550,9): warning C4244: '=': 'double'에서 'float'(으)로 변환하면서 데이터가 손실될 수 있습니다.
C:\Users\popo2\Documents\GitHub\AcademyStudy\00_KGCA\KGCA39\EngineCoreD\KQuadtree.cpp(36,21): warning C4477: 'swscanf_s' : 서식 문자열 '%s'에 'unsigned int' 형식의 인수가 필요하지만 variadic 인수 2의 형식이 'unsigned __int64'입니다.
C:\Users\popo2\Documents\GitHub\AcademyStudy\00_KGCA\KGCA39\EngineCoreD\KQuadtree.cpp(36,21): message : 이 인수는 버퍼 크기로 사용됩니다.
C:\Users\popo2\Documents\GitHub\AcademyStudy\00_KGCA\KGCA39\EngineCoreD\KQuadtree.cpp(40,21): warning C4477: 'swscanf_s' : 서식 문자열 '%s'에 'unsigned int' 형식의 인수가 필요하지만 variadic 인수 2의 형식이 'unsigned __int64'입니다.
C:\Users\popo2\Documents\GitHub\AcademyStudy\00_KGCA\KGCA39\EngineCoreD\KQuadtree.cpp(40,21): message : 이 인수는 버퍼 크기로 사용됩니다.
C:\Users\popo2\Documents\GitHub\AcademyStudy\00_KGCA\KGCA39\EngineCoreD\KQuadtree.cpp(53,23): warning C4477: 'swscanf_s' : 서식 문자열 '%s'에 'unsigned int' 형식의 인수가 필요하지만 variadic 인수 3의 형식이 'unsigned __int64'입니다.
C:\Users\popo2\Documents\GitHub\AcademyStudy\00_KGCA\KGCA39\EngineCoreD\KQuadtree.cpp(53,23): message : 이 인수는 버퍼 크기로 사용됩니다.
C:\Users\popo2\Documents\GitHub\AcademyStudy\00_KGCA\KGCA39\EngineCoreD\KQuadtree.cpp(84,62): warning C4267: '=': 'size_t'에서 'UINT'(으)로 변환하면서 데이터가 손실될 수 있습니다.
C:\Users\popo2\Documents\GitHub\AcademyStudy\00_KGCA\KGCA39\EngineCoreD\KQuadtree.cpp(130,51): warning C4267: '=': 'size_t'에서 'UINT'(으)로 변환하면서 데이터가 손실될 수 있습니다.
C:\Users\popo2\Documents\GitHub\AcademyStudy\00_KGCA\KGCA39\EngineCoreD\KQuadtree.cpp(169,66): warning C4267: '=': 'size_t'에서 'UINT'(으)로 변환하면서 데이터가 손실될 수 있습니다.
C:\Users\popo2\Documents\GitHub\AcademyStudy\00_KGCA\KGCA39\EngineCoreD\KQuadtree.cpp(225,71): warning C4267: '=': 'size_t'에서 'UINT'(으)로 변환하면서 데이터가 손실될 수 있습니다.
C:\Users\popo2\Documents\GitHub\AcademyStudy\00_KGCA\KGCA39\EngineCoreD\KQuadtree.cpp(230,71): warning C4267: '=': 'size_t'에서 'UINT'(으)로 변환하면서 데이터가 손실될 수 있습니다.
C:\Users\popo2\Documents\GitHub\AcademyStudy\00_KGCA\KGCA39\EngineCoreD\KQuadtree.cpp(235,34): warning C4267: '=': 'size_t'에서 'UINT'(으)로 변환하면서 데이터가 손실될 수 있습니다.
C:\Users\popo2\Documents\GitHub\AcademyStudy\00_KGCA\KGCA39\EngineCoreD\KQuadtree.cpp(258,51): warning C4244: '인수': 'int'에서 'float'(으)로 변환하면서 데이터가 손실될 수 있습니다.
C:\Users\popo2\Documents\GitHub\AcademyStudy\00_KGCA\KGCA39\EngineCoreD\KQuadtree.cpp(258,16): warning C4244: '인수': 'int'에서 'float'(으)로 변환하면서 데이터가 손실될 수 있습니다.
C:\Users\popo2\Documents\GitHub\AcademyStudy\00_KGCA\KGCA39\EngineCoreD\KQuadtree.cpp(257,48): warning C4244: '인수': 'int'에서 'float'(으)로 변환하면서 데이터가 손실될 수 있습니다.
C:\Users\popo2\Documents\GitHub\AcademyStudy\00_KGCA\KGCA39\EngineCoreD\KQuadtree.cpp(262,30): warning C4244: '=': 'double'에서 'UINT'(으)로 변환하면서 데이터가 손실될 수 있습니다.
C:\Users\popo2\Documents\GitHub\AcademyStudy\00_KGCA\KGCA39\EngineCoreD\KQuadtree.cpp(263,32): warning C4244: '=': 'double'에서 'UINT'(으)로 변환하면서 데이터가 손실될 수 있습니다.
C:\Users\popo2\Documents\GitHub\AcademyStudy\00_KGCA\KGCA39\EngineCoreD\KQuadtree.cpp(299,4): warning C4244: '인수': 'int'에서 'float'(으)로 변환하면서 데이터가 손실될 수 있습니다.
C:\Users\popo2\Documents\GitHub\AcademyStudy\00_KGCA\KGCA39\EngineCoreD\KQuadtree.cpp(298,4): warning C4244: '인수': 'int'에서 'float'(으)로 변환하면서 데이터가 손실될 수 있습니다.
C:\Users\popo2\Documents\GitHub\AcademyStudy\00_KGCA\KGCA39\EngineCoreD\KQuadtree.cpp(297,4): warning C4244: '인수': 'int'에서 'float'(으)로 변환하면서 데이터가 손실될 수 있습니다.
C:\Users\popo2\Documents\GitHub\AcademyStudy\00_KGCA\KGCA39\EngineCoreD\KQuadtree.cpp(296,63): warning C4244: '인수': '_Ty'에서 'float'(으)로 변환하면서 데이터가 손실될 수 있습니다.
          with
          [
              _Ty=DWORD
          ]
C:\Users\popo2\Documents\GitHub\AcademyStudy\00_KGCA\KGCA39\EngineCoreD\KQuadtree.cpp(305,4): warning C4244: '인수': 'int'에서 'float'(으)로 변환하면서 데이터가 손실될 수 있습니다.
C:\Users\popo2\Documents\GitHub\AcademyStudy\00_KGCA\KGCA39\EngineCoreD\KQuadtree.cpp(304,4): warning C4244: '인수': 'int'에서 'float'(으)로 변환하면서 데이터가 손실될 수 있습니다.
C:\Users\popo2\Documents\GitHub\AcademyStudy\00_KGCA\KGCA39\EngineCoreD\KQuadtree.cpp(303,25): warning C4244: '인수': '_Ty'에서 'float'(으)로 변환하면서 데이터가 손실될 수 있습니다.
          with
          [
              _Ty=DWORD
          ]
C:\Users\popo2\Documents\GitHub\AcademyStudy\00_KGCA\KGCA39\EngineCoreD\KQuadtree.cpp(302,42): warning C4244: '인수': 'int'에서 'float'(으)로 변환하면서 데이터가 손실될 수 있습니다.
C:\Users\popo2\Documents\GitHub\AcademyStudy\00_KGCA\KGCA39\EngineCoreD\KQuadtree.cpp(311,4): warning C4244: '인수': 'int'에서 'float'(으)로 변환하면서 데이터가 손실될 수 있습니다.
C:\Users\popo2\Documents\GitHub\AcademyStudy\00_KGCA\KGCA39\EngineCoreD\KQuadtree.cpp(310,25): warning C4244: '인수': '_Ty'에서 'float'(으)로 변환하면서 데이터가 손실될 수 있습니다.
          with
          [
              _Ty=DWORD
          ]
C:\Users\popo2\Documents\GitHub\AcademyStudy\00_KGCA\KGCA39\EngineCoreD\KQuadtree.cpp(309,4): warning C4244: '인수': 'int'에서 'float'(으)로 변환하면서 데이터가 손실될 수 있습니다.
C:\Users\popo2\Documents\GitHub\AcademyStudy\00_KGCA\KGCA39\EngineCoreD\KQuadtree.cpp(308,42): warning C4244: '인수': 'int'에서 'float'(으)로 변환하면서 데이터가 손실될 수 있습니다.
C:\Users\popo2\Documents\GitHub\AcademyStudy\00_KGCA\KGCA39\EngineCoreD\KQuadtree.cpp(317,25): warning C4244: '인수': '_Ty'에서 'float'(으)로 변환하면서 데이터가 손실될 수 있습니다.
          with
          [
              _Ty=DWORD
          ]
C:\Users\popo2\Documents\GitHub\AcademyStudy\00_KGCA\KGCA39\EngineCoreD\KQuadtree.cpp(316,4): warning C4244: '인수': 'int'에서 'float'(으)로 변환하면서 데이터가 손실될 수 있습니다.
C:\Users\popo2\Documents\GitHub\AcademyStudy\00_KGCA\KGCA39\EngineCoreD\KQuadtree.cpp(315,4): warning C4244: '인수': 'int'에서 'float'(으)로 변환하면서 데이터가 손실될 수 있습니다.
C:\Users\popo2\Documents\GitHub\AcademyStudy\00_KGCA\KGCA39\EngineCoreD\KQuadtree.cpp(314,42): warning C4244: '인수': 'int'에서 'float'(으)로 변환하면서 데이터가 손실될 수 있습니다.
C:\Users\popo2\Documents\GitHub\AcademyStudy\00_KGCA\KGCA39\EngineCoreD\KQuadtree.cpp(323,19): warning C4018: '<': signed 또는 unsigned가 일치하지 않습니다.
C:\Users\popo2\Documents\GitHub\AcademyStudy\00_KGCA\KGCA39\EngineCoreD\KQuadtree.cpp(401,26): warning C4018: '<': signed 또는 unsigned가 일치하지 않습니다.
C:\Users\popo2\Documents\GitHub\AcademyStudy\00_KGCA\KGCA39\EngineCoreD\KQuadtree.cpp(417,26): warning C4018: '<': signed 또는 unsigned가 일치하지 않습니다.
C:\Users\popo2\Documents\GitHub\AcademyStudy\00_KGCA\KGCA39\EngineCoreD\KQuadtree.cpp(430,33): warning C4244: '인수': 'float'에서 'UINT'(으)로 변환하면서 데이터가 손실될 수 있습니다.
C:\Users\popo2\Documents\GitHub\AcademyStudy\00_KGCA\KGCA39\EngineCoreD\KQuadtree.cpp(430,31): warning C4244: '인수': 'float'에서 'UINT'(으)로 변환하면서 데이터가 손실될 수 있습니다.
C:\Users\popo2\Documents\GitHub\AcademyStudy\00_KGCA\KGCA39\EngineCoreD\KQuadtree.cpp(430,29): warning C4244: '인수': 'float'에서 'UINT'(으)로 변환하면서 데이터가 손실될 수 있습니다.
C:\Users\popo2\Documents\GitHub\AcademyStudy\00_KGCA\KGCA39\EngineCoreD\KQuadtree.cpp(430,27): warning C4244: '인수': 'float'에서 'UINT'(으)로 변환하면서 데이터가 손실될 수 있습니다.
  KRenderTarget.cpp
C:\Users\popo2\Documents\GitHub\AcademyStudy\00_KGCA\KGCA39\EngineCoreD\KMath.h(550,9): warning C4244: '=': 'double'에서 'float'(으)로 변환하면서 데이터가 손실될 수 있습니다.
C:\Users\popo2\Documents\GitHub\AcademyStudy\00_KGCA\KGCA39\EngineCoreD\KRenderTarget.cpp(140,21): warning C4244: '=': 'UINT'에서 'FLOAT'(으)로 변환하면서 데이터가 손실될 수 있습니다.
C:\Users\popo2\Documents\GitHub\AcademyStudy\00_KGCA\KGCA39\EngineCoreD\KRenderTarget.cpp(141,22): warning C4244: '=': 'UINT'에서 'FLOAT'(으)로 변환하면서 데이터가 손실될 수 있습니다.
  KDXState.cpp
C:\Users\popo2\Documents\GitHub\AcademyStudy\00_KGCA\KGCA39\EngineCoreD\KMath.h(550,9): warning C4244: '=': 'double'에서 'float'(으)로 변환하면서 데이터가 손실될 수 있습니다.
  KShape.cpp
C:\Users\popo2\Documents\GitHub\AcademyStudy\00_KGCA\KGCA39\EngineCoreD\KMath.h(550,9): warning C4244: '=': 'double'에서 'float'(으)로 변환하면서 데이터가 손실될 수 있습니다.
  KTexture.cpp
C:\Users\popo2\Documents\GitHub\AcademyStudy\00_KGCA\KGCA39\EngineCoreD\KMath.h(550,9): warning C4244: '=': 'double'에서 'float'(으)로 변환하면서 데이터가 손실될 수 있습니다.
  KCore.cpp
C:\Users\popo2\Documents\GitHub\AcademyStudy\00_KGCA\KGCA39\EngineCoreD\KMath.h(550,9): warning C4244: '=': 'double'에서 'float'(으)로 변환하면서 데이터가 손실될 수 있습니다.
  KDevice.cpp
C:\Users\popo2\Documents\GitHub\AcademyStudy\00_KGCA\KGCA39\EngineCoreD\KMath.h(550,9): warning C4244: '=': 'double'에서 'float'(으)로 변환하면서 데이터가 손실될 수 있습니다.
C:\Users\popo2\Documents\GitHub\AcademyStudy\00_KGCA\KGCA39\EngineCoreD\KDevice.cpp(5,10): warning C4101: 'hr' :참조되지 않은 지역 변수입니다.
C:\Users\popo2\Documents\GitHub\AcademyStudy\00_KGCA\KGCA39\EngineCoreD\KDevice.cpp(39,1): warning C4002: 함수 같은 매크로 호출 'FAILED'에 대해 인수가 너무 많습니다.
C:\Users\popo2\Documents\GitHub\AcademyStudy\00_KGCA\KGCA39\EngineCoreD\KDevice.cpp(120,36): warning C4244: '=': 'UINT'에서 'FLOAT'(으)로 변환하면서 데이터가 손실될 수 있습니다.
C:\Users\popo2\Documents\GitHub\AcademyStudy\00_KGCA\KGCA39\EngineCoreD\KDevice.cpp(121,37): warning C4244: '=': 'UINT'에서 'FLOAT'(으)로 변환하면서 데이터가 손실될 수 있습니다.
  KInput.cpp
C:\Users\popo2\Documents\GitHub\AcademyStudy\00_KGCA\KGCA39\EngineCoreD\KMath.h(550,9): warning C4244: '=': 'double'에서 'float'(으)로 변환하면서 데이터가 손실될 수 있습니다.
  KSound.cpp
  KTimer.cpp
C:\Users\popo2\Documents\GitHub\AcademyStudy\00_KGCA\KGCA39\EngineCoreD\KMath.h(550,9): warning C4244: '=': 'double'에서 'float'(으)로 변환하면서 데이터가 손실될 수 있습니다.
  코드를 생성하고 있습니다...
C:\Users\popo2\Documents\GitHub\AcademyStudy\00_KGCA\KGCA39\EngineCoreD\KDXState.cpp(68): warning C4715: 'KDXState::CreateBlendState': 모든 제어 경로에서 값을 반환하지는 않습니다.
  컴파일하고 있습니다...
  KWindow.cpp
C:\Users\popo2\Documents\GitHub\AcademyStudy\00_KGCA\KGCA39\EngineCoreD\KMath.h(550,9): warning C4244: '=': 'double'에서 'float'(으)로 변환하면서 데이터가 손실될 수 있습니다.
  KWrite.cpp
C:\Users\popo2\Documents\GitHub\AcademyStudy\00_KGCA\KGCA39\EngineCoreD\KMath.h(550,9): warning C4244: '=': 'double'에서 'float'(으)로 변환하면서 데이터가 손실될 수 있습니다.
C:\Users\popo2\Documents\GitHub\AcademyStudy\00_KGCA\KGCA39\EngineCoreD\KWrite.cpp(11,18): warning C4244: '=': 'UINT'에서 'FLOAT'(으)로 변환하면서 데이터가 손실될 수 있습니다.
C:\Users\popo2\Documents\GitHub\AcademyStudy\00_KGCA\KGCA39\EngineCoreD\KWrite.cpp(12,18): warning C4244: '=': 'UINT'에서 'FLOAT'(으)로 변환하면서 데이터가 손실될 수 있습니다.
C:\Users\popo2\Documents\GitHub\AcademyStudy\00_KGCA\KGCA39\EngineCoreD\KWrite.cpp(97,69): warning C4244: '인수': 'LONG'에서 'FLOAT'(으)로 변환하면서 데이터가 손실될 수 있습니다.
C:\Users\popo2\Documents\GitHub\AcademyStudy\00_KGCA\KGCA39\EngineCoreD\KWrite.cpp(97,59): warning C4244: '인수': 'LONG'에서 'FLOAT'(으)로 변환하면서 데이터가 손실될 수 있습니다.
C:\Users\popo2\Documents\GitHub\AcademyStudy\00_KGCA\KGCA39\EngineCoreD\KWrite.cpp(97,51): warning C4244: '인수': 'LONG'에서 'FLOAT'(으)로 변환하면서 데이터가 손실될 수 있습니다.
C:\Users\popo2\Documents\GitHub\AcademyStudy\00_KGCA\KGCA39\EngineCoreD\KWrite.cpp(97,42): warning C4244: '인수': 'LONG'에서 'FLOAT'(으)로 변환하면서 데이터가 손실될 수 있습니다.
C:\Users\popo2\Documents\GitHub\AcademyStudy\00_KGCA\KGCA39\EngineCoreD\KWrite.cpp(102,50): warning C4267: '인수': 'size_t'에서 'UINT32'(으)로 변환하면서 데이터가 손실될 수 있습니다.
C:\Users\popo2\Documents\GitHub\AcademyStudy\00_KGCA\KGCA39\EngineCoreD\KWrite.cpp(107,48): warning C4267: '인수': 'size_t'에서 'UINT32'(으)로 변환하면서 데이터가 손실될 수 있습니다.
  코드를 생성하고 있습니다...
  EngineCoreD.vcxproj -> C:\Users\popo2\Documents\GitHub\AcademyStudy\00_KGCA\output\EngineCoreD\EngineCoreD.lib
          1개 파일이 복사되었습니다.
  KCamera.h
  KCore.h
  KDepthStencil.h
  KDevice.h
  KDXState.h
  KFbxObj.h
  KInput.h
  KMap.h
  KMath.h
  KMesh.h
  KModel.h
  KNode.h
  KQuadtree.h
  KRenderTarget.h
  KShape.h
  KSound.h
  KStd.h
  KTexture.h
  KTimer.h
  KWindow.h
  KWrite.h
  VertexBuffer.h
         22개 파일이 복사되었습니다.
