e:\choijiwon\academystudy\00_kgca\output\enginecored\enginecored.pdb
e:\choijiwon\academystudy\00_kgca\output\enginecored\enginecored.idb
e:\choijiwon\academystudy\00_kgca\output\enginecored\twrite.obj
e:\choijiwon\academystudy\00_kgca\output\enginecored\twindow.obj
e:\choijiwon\academystudy\00_kgca\output\enginecored\ttimer.obj
e:\choijiwon\academystudy\00_kgca\output\enginecored\tsound.obj
e:\choijiwon\academystudy\00_kgca\output\enginecored\tinput.obj
e:\choijiwon\academystudy\00_kgca\output\enginecored\tdevice.obj
e:\choijiwon\academystudy\00_kgca\output\enginecored\tcore.obj
e:\choijiwon\academystudy\00_kgca\output\enginecored\ktexture.obj
e:\choijiwon\academystudy\00_kgca\output\enginecored\kshape.obj
e:\choijiwon\academystudy\00_kgca\output\enginecored\krstate.obj
e:\choijiwon\academystudy\00_kgca\output\enginecored\kquadtree.obj
e:\choijiwon\academystudy\00_kgca\output\enginecored\knode.obj
e:\choijiwon\academystudy\00_kgca\output\enginecored\kmodel.obj
e:\choijiwon\academystudy\00_kgca\output\enginecored\kmath.obj
e:\choijiwon\academystudy\00_kgca\output\enginecored\kmap.obj
e:\choijiwon\academystudy\00_kgca\output\enginecored\kfbxobj.obj
e:\choijiwon\academystudy\00_kgca\output\enginecored\kcamera.obj
e:\choijiwon\academystudy\00_kgca\output\enginecored\enginecored.lib
e:\choijiwon\academystudy\00_kgca\output\enginecored\../../output/enginecored\enginecored.pdb
e:\choijiwon\academystudy\00_kgca\output\enginecored\enginecored.tlog\cl.command.1.tlog
e:\choijiwon\academystudy\00_kgca\output\enginecored\enginecored.tlog\cl.read.1.tlog
e:\choijiwon\academystudy\00_kgca\output\enginecored\enginecored.tlog\cl.write.1.tlog
e:\choijiwon\academystudy\00_kgca\output\enginecored\enginecored.tlog\lib-link.read.1.tlog
e:\choijiwon\academystudy\00_kgca\output\enginecored\enginecored.tlog\lib-link.write.1.tlog
e:\choijiwon\academystudy\00_kgca\output\enginecored\enginecored.tlog\lib.command.1.tlog
