e:\github\academystudy\01_kgca\export\fileio\vc142.pdb
e:\github\academystudy\01_kgca\export\fileio\vc142.idb
e:\github\academystudy\01_kgca\export\fileio\sample.obj
e:\github\academystudy\01_kgca\export\fileio\fileio.obj
e:\github\academystudy\01_kgca\export\fileio\fileio.ilk
e:\github\academystudy\01_kgca\export\fileio\fileio.exe
e:\github\academystudy\01_kgca\export\fileio\fileio.pdb
e:\choijiwon\academystudy\01_kgca\export\fileio\fileio.obj
e:\choijiwon\academystudy\01_kgca\export\fileio\sample.obj
e:\choijiwon\academystudy\01_kgca\export\fileio\fileio.ilk
e:\choijiwon\academystudy\01_kgca\export\fileio\vc142.idb
e:\choijiwon\academystudy\01_kgca\export\fileio\fileio.pdb
e:\choijiwon\academystudy\01_kgca\export\fileio\vc142.pdb
e:\choijiwon\academystudy\01_kgca\export\fileio\../../export/fileio/fileio.pdb
e:\choijiwon\academystudy\01_kgca\export\fileio\../../export/fileio/fileio.ilk
e:\choijiwon\academystudy\01_kgca\export\fileio\fileio.tlog\cl.command.1.tlog
e:\choijiwon\academystudy\01_kgca\export\fileio\fileio.tlog\cl.read.1.tlog
e:\choijiwon\academystudy\01_kgca\export\fileio\fileio.tlog\cl.write.1.tlog
e:\choijiwon\academystudy\01_kgca\export\fileio\fileio.tlog\link.command.1.tlog
e:\choijiwon\academystudy\01_kgca\export\fileio\fileio.tlog\link.read.1.tlog
e:\choijiwon\academystudy\01_kgca\export\fileio\fileio.tlog\link.write.1.tlog
