e:\github\academystudy\01_kgca\export\scoremanager\vc142.pdb
e:\github\academystudy\01_kgca\export\scoremanager\vc142.idb
e:\github\academystudy\01_kgca\export\scoremanager\sample.obj
e:\github\academystudy\01_kgca\export\scoremanager\ktemplatelinkedlist.obj
e:\github\academystudy\01_kgca\export\scoremanager\kstudent.obj
e:\github\academystudy\01_kgca\export\scoremanager\knode.obj
e:\github\academystudy\01_kgca\export\scoremanager\kfileio.obj
e:\github\academystudy\01_kgca\export\scoremanager\scoremanager.exe
e:\github\academystudy\01_kgca\export\scoremanager\scoremanager.ilk
e:\github\academystudy\01_kgca\export\scoremanager\scoremanager.pdb
e:\github\academystudy\01_kgca\export\scoremanager\kfileio.obj.enc
e:\github\academystudy\01_kgca\export\scoremanager\knode.obj.enc
e:\github\academystudy\01_kgca\export\scoremanager\kstudent.obj.enc
e:\github\academystudy\01_kgca\export\scoremanager\ktemplatelinkedlist.obj.enc
e:\github\academystudy\01_kgca\export\scoremanager\sample.obj.enc
e:\github\academystudy\01_kgca\export\scoremanager\../../export/scoremanager/scoremanager.pdb
e:\github\academystudy\01_kgca\export\scoremanager\../../export/scoremanager/scoremanager.ilk
e:\github\academystudy\01_kgca\export\scoremanager\scoremanager.tlog\cl.command.1.tlog
e:\github\academystudy\01_kgca\export\scoremanager\scoremanager.tlog\cl.read.1.tlog
e:\github\academystudy\01_kgca\export\scoremanager\scoremanager.tlog\cl.write.1.tlog
e:\github\academystudy\01_kgca\export\scoremanager\scoremanager.tlog\link.command.1.tlog
e:\github\academystudy\01_kgca\export\scoremanager\scoremanager.tlog\link.read.1.tlog
e:\github\academystudy\01_kgca\export\scoremanager\scoremanager.tlog\link.write.1.tlog
