e:\github\academystudy\01_kgca\export\octree\vc142.pdb
e:\github\academystudy\01_kgca\export\octree\vc142.idb
e:\github\academystudy\01_kgca\export\octree\kvector3.obj
e:\github\academystudy\01_kgca\export\octree\kobject.obj
e:\github\academystudy\01_kgca\export\octree\knode.obj
e:\github\academystudy\01_kgca\export\octree\sample.obj
e:\github\academystudy\01_kgca\export\octree\koctree.obj
e:\choijiwon\academystudy\01_kgca\export\octree\vc142.pdb
e:\choijiwon\academystudy\01_kgca\export\octree\vc142.idb
e:\github\academystudy\01_kgca\export\octree\octree.ilk
e:\github\academystudy\01_kgca\export\octree\octree.exe
e:\github\academystudy\01_kgca\export\octree\octree.pdb
e:\choijiwon\academystudy\01_kgca\export\octree\knode.obj
e:\choijiwon\academystudy\01_kgca\export\octree\kobject.obj
e:\choijiwon\academystudy\01_kgca\export\octree\koctree.obj
e:\choijiwon\academystudy\01_kgca\export\octree\kvector3.obj
e:\choijiwon\academystudy\01_kgca\export\octree\sample.obj
e:\choijiwon\academystudy\01_kgca\export\octree\octree.ilk
e:\choijiwon\academystudy\01_kgca\export\octree\octree.pdb
e:\choijiwon\academystudy\01_kgca\export\octree\../../export/octree/octree.pdb
e:\choijiwon\academystudy\01_kgca\export\octree\../../export/octree/octree.ilk
e:\choijiwon\academystudy\01_kgca\export\octree\octree.tlog\cl.command.1.tlog
e:\choijiwon\academystudy\01_kgca\export\octree\octree.tlog\cl.read.1.tlog
e:\choijiwon\academystudy\01_kgca\export\octree\octree.tlog\cl.write.1.tlog
e:\choijiwon\academystudy\01_kgca\export\octree\octree.tlog\link.command.1.tlog
e:\choijiwon\academystudy\01_kgca\export\octree\octree.tlog\link.read.1.tlog
e:\choijiwon\academystudy\01_kgca\export\octree\octree.tlog\link.write.1.tlog
