e:\github\academystudy\01_kgca\export\kclient\obj\vc142.pdb
e:\github\academystudy\01_kgca\export\kclient\obj\vc142.idb
e:\github\academystudy\01_kgca\export\kclient\obj\sample.obj
e:\github\academystudy\01_kgca\export\kclient\obj\kscene_intro.obj
e:\github\academystudy\01_kgca\export\kclient\obj\kscene_game_0.obj
e:\github\academystudy\01_kgca\export\kclient\obj\kplayer2d.obj
e:\github\academystudy\01_kgca\export\kclient\obj\knpc2d.obj
e:\github\academystudy\01_kgca\export\kclient\obj\sample_input.res
e:\github\academystudy\01_kgca\export\kclient\obj\kclient.tlog\cl.command.1.tlog
e:\github\academystudy\01_kgca\export\kclient\obj\kclient.tlog\cl.read.1.tlog
e:\github\academystudy\01_kgca\export\kclient\obj\kclient.tlog\cl.write.1.tlog
e:\github\academystudy\01_kgca\export\kclient\obj\kclient.tlog\link-cvtres.read.1.tlog
e:\github\academystudy\01_kgca\export\kclient\obj\kclient.tlog\link-cvtres.write.1.tlog
e:\github\academystudy\01_kgca\export\kclient\obj\kclient.tlog\link-rc.read.1.tlog
e:\github\academystudy\01_kgca\export\kclient\obj\kclient.tlog\link-rc.write.1.tlog
e:\github\academystudy\01_kgca\export\kclient\obj\kclient.tlog\link.29428-cvtres.read.1.tlog
e:\github\academystudy\01_kgca\export\kclient\obj\kclient.tlog\link.29428-cvtres.write.1.tlog
e:\github\academystudy\01_kgca\export\kclient\obj\kclient.tlog\link.29428-rc.read.1.tlog
e:\github\academystudy\01_kgca\export\kclient\obj\kclient.tlog\link.29428-rc.write.1.tlog
e:\github\academystudy\01_kgca\export\kclient\obj\kclient.tlog\link.29428.read.1.tlog
e:\github\academystudy\01_kgca\export\kclient\obj\kclient.tlog\link.29428.write.1.tlog
e:\github\academystudy\01_kgca\export\kclient\obj\kclient.tlog\link.command.1.tlog
e:\github\academystudy\01_kgca\export\kclient\obj\kclient.tlog\link.read.1.tlog
e:\github\academystudy\01_kgca\export\kclient\obj\kclient.tlog\link.write.1.tlog
e:\github\academystudy\01_kgca\export\kclient\obj\kclient.tlog\rc.command.1.tlog
e:\github\academystudy\01_kgca\export\kclient\obj\kclient.tlog\rc.read.1.tlog
e:\github\academystudy\01_kgca\export\kclient\obj\kclient.tlog\rc.write.1.tlog
