  KMap.cpp
  KNpc2D.cpp
E:\github\AcademyStudy\01_KGCA\Source\KClient\KNpc2D.cpp(37,40): error C2660: 'K2DAsset::AddPosition': 함수는 2개의 인수를 사용하지 않습니다.
E:\github\AcademyStudy\01_KGCA\Include\K2DAsset.h(22,16): message : 'K2DAsset::AddPosition' 선언을 참조하십시오.
  KPlayer2D.cpp
E:\github\AcademyStudy\01_KGCA\Source\KClient\KPlayer2D.cpp(10,12): error C2065: 'm_speed': 선언되지 않은 식별자입니다.
E:\github\AcademyStudy\01_KGCA\Source\KClient\KPlayer2D.cpp(11,30): error C2660: 'K2DAsset::AddPosition': 함수는 2개의 인수를 사용하지 않습니다.
E:\github\AcademyStudy\01_KGCA\Include\K2DAsset.h(22,16): message : 'K2DAsset::AddPosition' 선언을 참조하십시오.
E:\github\AcademyStudy\01_KGCA\Source\KClient\KPlayer2D.cpp(13,3): error C3861: 'RectSequence': 식별자를 찾을 수 없습니다.
E:\github\AcademyStudy\01_KGCA\Source\KClient\KPlayer2D.cpp(19,12): error C2065: 'm_speed': 선언되지 않은 식별자입니다.
E:\github\AcademyStudy\01_KGCA\Source\KClient\KPlayer2D.cpp(21,30): error C2660: 'K2DAsset::AddPosition': 함수는 2개의 인수를 사용하지 않습니다.
E:\github\AcademyStudy\01_KGCA\Include\K2DAsset.h(22,16): message : 'K2DAsset::AddPosition' 선언을 참조하십시오.
E:\github\AcademyStudy\01_KGCA\Source\KClient\KPlayer2D.cpp(22,3): error C3861: 'RectSequence': 식별자를 찾을 수 없습니다.
E:\github\AcademyStudy\01_KGCA\Source\KClient\KPlayer2D.cpp(28,12): error C2065: 'm_speed': 선언되지 않은 식별자입니다.
E:\github\AcademyStudy\01_KGCA\Source\KClient\KPlayer2D.cpp(30,30): error C2660: 'K2DAsset::AddPosition': 함수는 2개의 인수를 사용하지 않습니다.
E:\github\AcademyStudy\01_KGCA\Include\K2DAsset.h(22,16): message : 'K2DAsset::AddPosition' 선언을 참조하십시오.
E:\github\AcademyStudy\01_KGCA\Source\KClient\KPlayer2D.cpp(31,3): error C3861: 'RectSequence': 식별자를 찾을 수 없습니다.
E:\github\AcademyStudy\01_KGCA\Source\KClient\KPlayer2D.cpp(37,12): error C2065: 'm_speed': 선언되지 않은 식별자입니다.
E:\github\AcademyStudy\01_KGCA\Source\KClient\KPlayer2D.cpp(39,30): error C2660: 'K2DAsset::AddPosition': 함수는 2개의 인수를 사용하지 않습니다.
E:\github\AcademyStudy\01_KGCA\Include\K2DAsset.h(22,16): message : 'K2DAsset::AddPosition' 선언을 참조하십시오.
E:\github\AcademyStudy\01_KGCA\Source\KClient\KPlayer2D.cpp(40,3): error C3861: 'RectSequence': 식별자를 찾을 수 없습니다.
E:\github\AcademyStudy\01_KGCA\Source\KClient\KPlayer2D.cpp(48,5): error C2065: 'm_AnimIndex': 선언되지 않은 식별자입니다.
E:\github\AcademyStudy\01_KGCA\Source\KClient\KPlayer2D.cpp(49,28): error C2065: 'm_AnimIndex': 선언되지 않은 식별자입니다.
E:\github\AcademyStudy\01_KGCA\Source\KClient\KPlayer2D.cpp(53,33): error C2065: 'm_AnimIndex': 선언되지 않은 식별자입니다.
E:\github\AcademyStudy\01_KGCA\Source\KClient\KPlayer2D.cpp(54,37): error C2065: 'm_SequenceTimer': 선언되지 않은 식별자입니다.
E:\github\AcademyStudy\01_KGCA\Source\KClient\KPlayer2D.cpp(77,2): error C2065: 'm_speed': 선언되지 않은 식별자입니다.
E:\github\AcademyStudy\01_KGCA\Source\KClient\KPlayer2D.cpp(102,2): error C2065: 'm_speed': 선언되지 않은 식별자입니다.
  KSceneManager.cpp
  KScene_Game_0.cpp
E:\github\AcademyStudy\01_KGCA\Source\KClient\KScene_Game_0.cpp(22,7): error C2039: 'SetRectSource': 'KMap'의 멤버가 아닙니다.
E:\github\AcademyStudy\01_KGCA\Include\KMap.h(4): message : 'KMap' 선언을 참조하십시오.
E:\github\AcademyStudy\01_KGCA\Source\KClient\KScene_Game_0.cpp(23,7): error C2039: 'SetRectDraw': 'KMap'의 멤버가 아닙니다.
E:\github\AcademyStudy\01_KGCA\Include\KMap.h(4): message : 'KMap' 선언을 참조하십시오.
E:\github\AcademyStudy\01_KGCA\Source\KClient\KScene_Game_0.cpp(24,78): error C2664: 'void K3DAsset::SetPosition(TBASIS_EX::KVector3)': 인수 1을(를) 'TBASIS_EX::KVector2'에서 'TBASIS_EX::KVector3'(으)로 변환할 수 없습니다.
E:\github\AcademyStudy\01_KGCA\Source\KClient\KScene_Game_0.cpp(24,27): message : 이 변환을 수행할 수 있는 사용 가능한 사용자 정의 변환 연산자가 없거나 연산자를 호출할 수 없습니다.
E:\github\AcademyStudy\01_KGCA\Include\K3DAsset.h(19,16): message : 'K3DAsset::SetPosition' 선언을 참조하십시오.
E:\github\AcademyStudy\01_KGCA\Source\KClient\KScene_Game_0.cpp(25,10): error C2660: 'KMap::Init': 함수는 5개의 인수를 사용하지 않습니다.
E:\github\AcademyStudy\01_KGCA\Include\KMap.h(20,15): message : 'KMap::Init' 선언을 참조하십시오.
E:\github\AcademyStudy\01_KGCA\Source\KClient\KScene_Game_0.cpp(31,40): error C2661: 'std::vector<std::shared_ptr<KObject>,std::allocator<std::shared_ptr<KObject>>>::insert': 오버로드된 함수에서 1개의 인수를 사용하지 않습니다.
E:\github\AcademyStudy\01_KGCA\Source\KClient\KScene_Game_0.cpp(39,14): error C2065: 'S_GAME': 선언되지 않은 식별자입니다.
E:\github\AcademyStudy\01_KGCA\Source\KClient\KScene_Game_0.cpp(40,16): error C2660: 'KCamera::Init': 함수는 0개의 인수를 사용하지 않습니다.
E:\github\AcademyStudy\01_KGCA\Include\KCamera.h(37,16): message : 'KCamera::Init' 선언을 참조하십시오.
E:\github\AcademyStudy\01_KGCA\Source\KClient\KScene_Game_0.cpp(63,32): warning C4244: '인수': 'int'에서 'float'(으)로 변환하면서 데이터가 손실될 수 있습니다.
E:\github\AcademyStudy\01_KGCA\Source\KClient\KScene_Game_0.cpp(86,11): error C2039: 'Follow2DPos': 'KCamera'의 멤버가 아닙니다.
E:\github\AcademyStudy\01_KGCA\Include\KCamera.h(3): message : 'KCamera' 선언을 참조하십시오.
E:\github\AcademyStudy\01_KGCA\Source\KClient\KScene_Game_0.cpp(87,11): error C2039: 'find': 'std::vector<std::shared_ptr<KObject>,std::allocator<std::shared_ptr<KObject>>>'의 멤버가 아닙니다.
E:\github\AcademyStudy\01_KGCA\Include\KScene.h(16): message : 'std::vector<std::shared_ptr<KObject>,std::allocator<std::shared_ptr<KObject>>>' 선언을 참조하십시오.
E:\github\AcademyStudy\01_KGCA\Source\KClient\KScene_Game_0.cpp(92,23): warning C4244: '=': 'float'에서 'LONG'(으)로 변환하면서 데이터가 손실될 수 있습니다.
E:\github\AcademyStudy\01_KGCA\Source\KClient\KScene_Game_0.cpp(93,25): warning C4244: '=': 'float'에서 'LONG'(으)로 변환하면서 데이터가 손실될 수 있습니다.
  Sample.cpp
E:\github\AcademyStudy\01_KGCA\Source\KClient\Sample.cpp(30,41): error C2664: 'bool KSceneManager::Init(ID3D11DeviceContext *)': 인수 1을(를) 'Microsoft::WRL::ComPtr<ID3D11DeviceContext>'에서 'ID3D11DeviceContext *'(으)로 변환할 수 없습니다.
E:\github\AcademyStudy\01_KGCA\Source\KClient\Sample.cpp(30,22): message : 이 변환을 수행할 수 있는 사용 가능한 사용자 정의 변환 연산자가 없거나 연산자를 호출할 수 없습니다.
E:\github\AcademyStudy\01_KGCA\Source\KClient\KSceneManager.h(28,7): message : 'KSceneManager::Init' 선언을 참조하십시오.
E:\github\AcademyStudy\01_KGCA\Source\KClient\Sample.cpp(94,50): warning C4267: '초기화 중': 'size_t'에서 'int'(으)로 변환하면서 데이터가 손실될 수 있습니다.
  KScene_Intro.cpp
E:\github\AcademyStudy\01_KGCA\Source\KClient\KScene_Intro.cpp(20,39): error C2661: 'std::vector<std::shared_ptr<KObject>,std::allocator<std::shared_ptr<KObject>>>::insert': 오버로드된 함수에서 1개의 인수를 사용하지 않습니다.
E:\github\AcademyStudy\01_KGCA\Source\KClient\KScene_Intro.cpp(27,14): error C2065: 'S_MENU': 선언되지 않은 식별자입니다.
  코드를 생성하고 있습니다...
